TN:
SF:build\AnimalHelperNFT_AnimalHelperNFT.ts
FN:31,storeDataSize
FN:32,(anonymous_1)
FN:40,loadDataSize
FN:48,loadTupleDataSize
FN:55,loadGetterTupleDataSize
FN:62,storeTupleDataSize
FN:70,dictValueParserDataSize
FN:72,(anonymous_7)
FN:75,(anonymous_8)
FN:87,storeStateInit
FN:88,(anonymous_10)
FN:95,loadStateInit
FN:102,loadTupleStateInit
FN:108,loadGetterTupleStateInit
FN:114,storeTupleStateInit
FN:121,dictValueParserStateInit
FN:123,(anonymous_16)
FN:126,(anonymous_17)
FN:140,storeContext
FN:141,(anonymous_19)
FN:150,loadContext
FN:159,loadTupleContext
FN:167,loadGetterTupleContext
FN:175,storeTupleContext
FN:184,dictValueParserContext
FN:186,(anonymous_25)
FN:189,(anonymous_26)
FN:206,storeSendParameters
FN:207,(anonymous_28)
FN:219,loadSendParameters
FN:231,loadTupleSendParameters
FN:242,loadGetterTupleSendParameters
FN:253,storeTupleSendParameters
FN:265,dictValueParserSendParameters
FN:267,(anonymous_34)
FN:270,(anonymous_35)
FN:285,storeMessageParameters
FN:286,(anonymous_37)
FN:296,loadMessageParameters
FN:306,loadTupleMessageParameters
FN:315,loadGetterTupleMessageParameters
FN:324,storeTupleMessageParameters
FN:334,dictValueParserMessageParameters
FN:336,(anonymous_43)
FN:339,(anonymous_44)
FN:354,storeDeployParameters
FN:355,(anonymous_46)
FN:365,loadDeployParameters
FN:375,loadTupleDeployParameters
FN:384,loadGetterTupleDeployParameters
FN:393,storeTupleDeployParameters
FN:403,dictValueParserDeployParameters
FN:405,(anonymous_52)
FN:408,(anonymous_53)
FN:420,storeStdAddress
FN:421,(anonymous_55)
FN:428,loadStdAddress
FN:435,loadTupleStdAddress
FN:441,loadGetterTupleStdAddress
FN:447,storeTupleStdAddress
FN:454,dictValueParserStdAddress
FN:456,(anonymous_61)
FN:459,(anonymous_62)
FN:471,storeVarAddress
FN:472,(anonymous_64)
FN:479,loadVarAddress
FN:486,loadTupleVarAddress
FN:492,loadGetterTupleVarAddress
FN:498,storeTupleVarAddress
FN:505,dictValueParserVarAddress
FN:507,(anonymous_70)
FN:510,(anonymous_71)
FN:521,storeBasechainAddress
FN:522,(anonymous_73)
FN:528,loadBasechainAddress
FN:534,loadTupleBasechainAddress
FN:539,loadGetterTupleBasechainAddress
FN:544,storeTupleBasechainAddress
FN:550,dictValueParserBasechainAddress
FN:552,(anonymous_79)
FN:555,(anonymous_80)
FN:566,storeDeploy
FN:567,(anonymous_82)
FN:574,loadDeploy
FN:581,loadTupleDeploy
FN:586,loadGetterTupleDeploy
FN:591,storeTupleDeploy
FN:597,dictValueParserDeploy
FN:599,(anonymous_88)
FN:602,(anonymous_89)
FN:613,storeDeployOk
FN:614,(anonymous_91)
FN:621,loadDeployOk
FN:628,loadTupleDeployOk
FN:633,loadGetterTupleDeployOk
FN:638,storeTupleDeployOk
FN:644,dictValueParserDeployOk
FN:646,(anonymous_97)
FN:649,(anonymous_98)
FN:661,storeFactoryDeploy
FN:662,(anonymous_100)
FN:670,loadFactoryDeploy
FN:678,loadTupleFactoryDeploy
FN:684,loadGetterTupleFactoryDeploy
FN:690,storeTupleFactoryDeploy
FN:697,dictValueParserFactoryDeploy
FN:699,(anonymous_106)
FN:702,(anonymous_107)
FN:714,storeChangeOwner
FN:715,(anonymous_109)
FN:723,loadChangeOwner
FN:731,loadTupleChangeOwner
FN:737,loadGetterTupleChangeOwner
FN:743,storeTupleChangeOwner
FN:750,dictValueParserChangeOwner
FN:752,(anonymous_115)
FN:755,(anonymous_116)
FN:767,storeChangeOwnerOk
FN:768,(anonymous_118)
FN:776,loadChangeOwnerOk
FN:784,loadTupleChangeOwnerOk
FN:790,loadGetterTupleChangeOwnerOk
FN:796,storeTupleChangeOwnerOk
FN:803,dictValueParserChangeOwnerOk
FN:805,(anonymous_124)
FN:808,(anonymous_125)
FN:818,storeGetCollectionDataMessage
FN:819,(anonymous_127)
FN:825,loadGetCollectionDataMessage
FN:831,loadTupleGetCollectionDataMessage
FN:835,loadGetterTupleGetCollectionDataMessage
FN:839,storeTupleGetCollectionDataMessage
FN:844,dictValueParserGetCollectionDataMessage
FN:846,(anonymous_133)
FN:849,(anonymous_134)
FN:860,storeNFTAddressByIndexMessage
FN:861,(anonymous_136)
FN:868,loadNFTAddressByIndexMessage
FN:875,loadTupleNFTAddressByIndexMessage
FN:880,loadGetterTupleNFTAddressByIndexMessage
FN:885,storeTupleNFTAddressByIndexMessage
FN:891,dictValueParserNFTAddressByIndexMessage
FN:893,(anonymous_142)
FN:896,(anonymous_143)
FN:907,storeGetNFTContentMessage
FN:908,(anonymous_145)
FN:915,loadGetNFTContentMessage
FN:922,loadTupleGetNFTContentMessage
FN:927,loadGetterTupleGetNFTContentMessage
FN:932,storeTupleGetNFTContentMessage
FN:938,dictValueParserGetNFTContentMessage
FN:940,(anonymous_151)
FN:943,(anonymous_152)
FN:955,storeMintNFTMessage
FN:956,(anonymous_154)
FN:964,loadMintNFTMessage
FN:972,loadTupleMintNFTMessage
FN:978,loadGetterTupleMintNFTMessage
FN:984,storeTupleMintNFTMessage
FN:991,dictValueParserMintNFTMessage
FN:993,(anonymous_160)
FN:996,(anonymous_161)
FN:1007,storeUpdateTokenContractMessage
FN:1008,(anonymous_163)
FN:1015,loadUpdateTokenContractMessage
FN:1022,loadTupleUpdateTokenContractMessage
FN:1027,loadGetterTupleUpdateTokenContractMessage
FN:1032,storeTupleUpdateTokenContractMessage
FN:1038,dictValueParserUpdateTokenContractMessage
FN:1040,(anonymous_169)
FN:1043,(anonymous_170)
FN:1054,storeUpdateContentMessage
FN:1055,(anonymous_172)
FN:1062,loadUpdateContentMessage
FN:1069,loadTupleUpdateContentMessage
FN:1074,loadGetterTupleUpdateContentMessage
FN:1079,storeTupleUpdateContentMessage
FN:1085,dictValueParserUpdateContentMessage
FN:1087,(anonymous_178)
FN:1090,(anonymous_179)
FN:1100,storeEmergencyWithdrawMessage
FN:1101,(anonymous_181)
FN:1107,loadEmergencyWithdrawMessage
FN:1113,loadTupleEmergencyWithdrawMessage
FN:1117,loadGetterTupleEmergencyWithdrawMessage
FN:1121,storeTupleEmergencyWithdrawMessage
FN:1126,dictValueParserEmergencyWithdrawMessage
FN:1128,(anonymous_187)
FN:1131,(anonymous_188)
FN:1145,storeNFTData
FN:1146,(anonymous_190)
FN:1155,loadNFTData
FN:1164,loadTupleNFTData
FN:1172,loadGetterTupleNFTData
FN:1180,storeTupleNFTData
FN:1189,dictValueParserNFTData
FN:1191,(anonymous_196)
FN:1194,(anonymous_197)
FN:1208,storeCollectionData
FN:1209,(anonymous_199)
FN:1218,loadCollectionData
FN:1227,loadTupleCollectionData
FN:1235,loadGetterTupleCollectionData
FN:1243,storeTupleCollectionData
FN:1252,dictValueParserCollectionData
FN:1254,(anonymous_205)
FN:1257,(anonymous_206)
FN:1272,storeAnimalHelperNFT$Data
FN:1273,(anonymous_208)
FN:1283,loadAnimalHelperNFT$Data
FN:1293,loadTupleAnimalHelperNFT$Data
FN:1302,loadGetterTupleAnimalHelperNFT$Data
FN:1311,storeTupleAnimalHelperNFT$Data
FN:1321,dictValueParserAnimalHelperNFT$Data
FN:1323,(anonymous_214)
FN:1326,(anonymous_215)
FN:1340,initAnimalHelperNFT_init_args
FN:1341,(anonymous_217)
FN:1350,AnimalHelperNFT_init
FN:1511,(anonymous_219)
FN:1515,(anonymous_220)
FN:1521,(anonymous_221)
FN:1534,(anonymous_222)
FN:1539,(anonymous_223)
FN:1572,(anonymous_224)
FNF:225
FNH:0
FNDA:0,storeDataSize
FNDA:0,(anonymous_1)
FNDA:0,loadDataSize
FNDA:0,loadTupleDataSize
FNDA:0,loadGetterTupleDataSize
FNDA:0,storeTupleDataSize
FNDA:0,dictValueParserDataSize
FNDA:0,(anonymous_7)
FNDA:0,(anonymous_8)
FNDA:0,storeStateInit
FNDA:0,(anonymous_10)
FNDA:0,loadStateInit
FNDA:0,loadTupleStateInit
FNDA:0,loadGetterTupleStateInit
FNDA:0,storeTupleStateInit
FNDA:0,dictValueParserStateInit
FNDA:0,(anonymous_16)
FNDA:0,(anonymous_17)
FNDA:0,storeContext
FNDA:0,(anonymous_19)
FNDA:0,loadContext
FNDA:0,loadTupleContext
FNDA:0,loadGetterTupleContext
FNDA:0,storeTupleContext
FNDA:0,dictValueParserContext
FNDA:0,(anonymous_25)
FNDA:0,(anonymous_26)
FNDA:0,storeSendParameters
FNDA:0,(anonymous_28)
FNDA:0,loadSendParameters
FNDA:0,loadTupleSendParameters
FNDA:0,loadGetterTupleSendParameters
FNDA:0,storeTupleSendParameters
FNDA:0,dictValueParserSendParameters
FNDA:0,(anonymous_34)
FNDA:0,(anonymous_35)
FNDA:0,storeMessageParameters
FNDA:0,(anonymous_37)
FNDA:0,loadMessageParameters
FNDA:0,loadTupleMessageParameters
FNDA:0,loadGetterTupleMessageParameters
FNDA:0,storeTupleMessageParameters
FNDA:0,dictValueParserMessageParameters
FNDA:0,(anonymous_43)
FNDA:0,(anonymous_44)
FNDA:0,storeDeployParameters
FNDA:0,(anonymous_46)
FNDA:0,loadDeployParameters
FNDA:0,loadTupleDeployParameters
FNDA:0,loadGetterTupleDeployParameters
FNDA:0,storeTupleDeployParameters
FNDA:0,dictValueParserDeployParameters
FNDA:0,(anonymous_52)
FNDA:0,(anonymous_53)
FNDA:0,storeStdAddress
FNDA:0,(anonymous_55)
FNDA:0,loadStdAddress
FNDA:0,loadTupleStdAddress
FNDA:0,loadGetterTupleStdAddress
FNDA:0,storeTupleStdAddress
FNDA:0,dictValueParserStdAddress
FNDA:0,(anonymous_61)
FNDA:0,(anonymous_62)
FNDA:0,storeVarAddress
FNDA:0,(anonymous_64)
FNDA:0,loadVarAddress
FNDA:0,loadTupleVarAddress
FNDA:0,loadGetterTupleVarAddress
FNDA:0,storeTupleVarAddress
FNDA:0,dictValueParserVarAddress
FNDA:0,(anonymous_70)
FNDA:0,(anonymous_71)
FNDA:0,storeBasechainAddress
FNDA:0,(anonymous_73)
FNDA:0,loadBasechainAddress
FNDA:0,loadTupleBasechainAddress
FNDA:0,loadGetterTupleBasechainAddress
FNDA:0,storeTupleBasechainAddress
FNDA:0,dictValueParserBasechainAddress
FNDA:0,(anonymous_79)
FNDA:0,(anonymous_80)
FNDA:0,storeDeploy
FNDA:0,(anonymous_82)
FNDA:0,loadDeploy
FNDA:0,loadTupleDeploy
FNDA:0,loadGetterTupleDeploy
FNDA:0,storeTupleDeploy
FNDA:0,dictValueParserDeploy
FNDA:0,(anonymous_88)
FNDA:0,(anonymous_89)
FNDA:0,storeDeployOk
FNDA:0,(anonymous_91)
FNDA:0,loadDeployOk
FNDA:0,loadTupleDeployOk
FNDA:0,loadGetterTupleDeployOk
FNDA:0,storeTupleDeployOk
FNDA:0,dictValueParserDeployOk
FNDA:0,(anonymous_97)
FNDA:0,(anonymous_98)
FNDA:0,storeFactoryDeploy
FNDA:0,(anonymous_100)
FNDA:0,loadFactoryDeploy
FNDA:0,loadTupleFactoryDeploy
FNDA:0,loadGetterTupleFactoryDeploy
FNDA:0,storeTupleFactoryDeploy
FNDA:0,dictValueParserFactoryDeploy
FNDA:0,(anonymous_106)
FNDA:0,(anonymous_107)
FNDA:0,storeChangeOwner
FNDA:0,(anonymous_109)
FNDA:0,loadChangeOwner
FNDA:0,loadTupleChangeOwner
FNDA:0,loadGetterTupleChangeOwner
FNDA:0,storeTupleChangeOwner
FNDA:0,dictValueParserChangeOwner
FNDA:0,(anonymous_115)
FNDA:0,(anonymous_116)
FNDA:0,storeChangeOwnerOk
FNDA:0,(anonymous_118)
FNDA:0,loadChangeOwnerOk
FNDA:0,loadTupleChangeOwnerOk
FNDA:0,loadGetterTupleChangeOwnerOk
FNDA:0,storeTupleChangeOwnerOk
FNDA:0,dictValueParserChangeOwnerOk
FNDA:0,(anonymous_124)
FNDA:0,(anonymous_125)
FNDA:0,storeGetCollectionDataMessage
FNDA:0,(anonymous_127)
FNDA:0,loadGetCollectionDataMessage
FNDA:0,loadTupleGetCollectionDataMessage
FNDA:0,loadGetterTupleGetCollectionDataMessage
FNDA:0,storeTupleGetCollectionDataMessage
FNDA:0,dictValueParserGetCollectionDataMessage
FNDA:0,(anonymous_133)
FNDA:0,(anonymous_134)
FNDA:0,storeNFTAddressByIndexMessage
FNDA:0,(anonymous_136)
FNDA:0,loadNFTAddressByIndexMessage
FNDA:0,loadTupleNFTAddressByIndexMessage
FNDA:0,loadGetterTupleNFTAddressByIndexMessage
FNDA:0,storeTupleNFTAddressByIndexMessage
FNDA:0,dictValueParserNFTAddressByIndexMessage
FNDA:0,(anonymous_142)
FNDA:0,(anonymous_143)
FNDA:0,storeGetNFTContentMessage
FNDA:0,(anonymous_145)
FNDA:0,loadGetNFTContentMessage
FNDA:0,loadTupleGetNFTContentMessage
FNDA:0,loadGetterTupleGetNFTContentMessage
FNDA:0,storeTupleGetNFTContentMessage
FNDA:0,dictValueParserGetNFTContentMessage
FNDA:0,(anonymous_151)
FNDA:0,(anonymous_152)
FNDA:0,storeMintNFTMessage
FNDA:0,(anonymous_154)
FNDA:0,loadMintNFTMessage
FNDA:0,loadTupleMintNFTMessage
FNDA:0,loadGetterTupleMintNFTMessage
FNDA:0,storeTupleMintNFTMessage
FNDA:0,dictValueParserMintNFTMessage
FNDA:0,(anonymous_160)
FNDA:0,(anonymous_161)
FNDA:0,storeUpdateTokenContractMessage
FNDA:0,(anonymous_163)
FNDA:0,loadUpdateTokenContractMessage
FNDA:0,loadTupleUpdateTokenContractMessage
FNDA:0,loadGetterTupleUpdateTokenContractMessage
FNDA:0,storeTupleUpdateTokenContractMessage
FNDA:0,dictValueParserUpdateTokenContractMessage
FNDA:0,(anonymous_169)
FNDA:0,(anonymous_170)
FNDA:0,storeUpdateContentMessage
FNDA:0,(anonymous_172)
FNDA:0,loadUpdateContentMessage
FNDA:0,loadTupleUpdateContentMessage
FNDA:0,loadGetterTupleUpdateContentMessage
FNDA:0,storeTupleUpdateContentMessage
FNDA:0,dictValueParserUpdateContentMessage
FNDA:0,(anonymous_178)
FNDA:0,(anonymous_179)
FNDA:0,storeEmergencyWithdrawMessage
FNDA:0,(anonymous_181)
FNDA:0,loadEmergencyWithdrawMessage
FNDA:0,loadTupleEmergencyWithdrawMessage
FNDA:0,loadGetterTupleEmergencyWithdrawMessage
FNDA:0,storeTupleEmergencyWithdrawMessage
FNDA:0,dictValueParserEmergencyWithdrawMessage
FNDA:0,(anonymous_187)
FNDA:0,(anonymous_188)
FNDA:0,storeNFTData
FNDA:0,(anonymous_190)
FNDA:0,loadNFTData
FNDA:0,loadTupleNFTData
FNDA:0,loadGetterTupleNFTData
FNDA:0,storeTupleNFTData
FNDA:0,dictValueParserNFTData
FNDA:0,(anonymous_196)
FNDA:0,(anonymous_197)
FNDA:0,storeCollectionData
FNDA:0,(anonymous_199)
FNDA:0,loadCollectionData
FNDA:0,loadTupleCollectionData
FNDA:0,loadGetterTupleCollectionData
FNDA:0,storeTupleCollectionData
FNDA:0,dictValueParserCollectionData
FNDA:0,(anonymous_205)
FNDA:0,(anonymous_206)
FNDA:0,storeAnimalHelperNFT$Data
FNDA:0,(anonymous_208)
FNDA:0,loadAnimalHelperNFT$Data
FNDA:0,loadTupleAnimalHelperNFT$Data
FNDA:0,loadGetterTupleAnimalHelperNFT$Data
FNDA:0,storeTupleAnimalHelperNFT$Data
FNDA:0,dictValueParserAnimalHelperNFT$Data
FNDA:0,(anonymous_214)
FNDA:0,(anonymous_215)
FNDA:0,initAnimalHelperNFT_init_args
FNDA:0,(anonymous_217)
FNDA:0,AnimalHelperNFT_init
FNDA:0,(anonymous_219)
FNDA:0,(anonymous_220)
FNDA:0,(anonymous_221)
FNDA:0,(anonymous_222)
FNDA:0,(anonymous_223)
FNDA:0,(anonymous_224)
DA:1,0
DA:31,0
DA:32,0
DA:33,0
DA:34,0
DA:35,0
DA:36,0
DA:40,0
DA:41,0
DA:42,0
DA:43,0
DA:44,0
DA:45,0
DA:49,0
DA:50,0
DA:51,0
DA:52,0
DA:56,0
DA:57,0
DA:58,0
DA:59,0
DA:63,0
DA:64,0
DA:65,0
DA:66,0
DA:67,0
DA:71,0
DA:73,0
DA:76,0
DA:87,0
DA:88,0
DA:89,0
DA:90,0
DA:91,0
DA:95,0
DA:96,0
DA:97,0
DA:98,0
DA:99,0
DA:103,0
DA:104,0
DA:105,0
DA:109,0
DA:110,0
DA:111,0
DA:115,0
DA:116,0
DA:117,0
DA:118,0
DA:122,0
DA:124,0
DA:127,0
DA:140,0
DA:141,0
DA:142,0
DA:143,0
DA:144,0
DA:145,0
DA:146,0
DA:150,0
DA:151,0
DA:152,0
DA:153,0
DA:154,0
DA:155,0
DA:156,0
DA:160,0
DA:161,0
DA:162,0
DA:163,0
DA:164,0
DA:168,0
DA:169,0
DA:170,0
DA:171,0
DA:172,0
DA:176,0
DA:177,0
DA:178,0
DA:179,0
DA:180,0
DA:181,0
DA:185,0
DA:187,0
DA:190,0
DA:206,0
DA:207,0
DA:208,0
DA:209,0
DA:210,0
DA:211,0
DA:212,0
DA:213,0
DA:214,0
DA:215,0
DA:219,0
DA:220,0
DA:221,0
DA:222,0
DA:223,0
DA:224,0
DA:225,0
DA:226,0
DA:227,0
DA:228,0
DA:232,0
DA:233,0
DA:234,0
DA:235,0
DA:236,0
DA:237,0
DA:238,0
DA:239,0
DA:243,0
DA:244,0
DA:245,0
DA:246,0
DA:247,0
DA:248,0
DA:249,0
DA:250,0
DA:254,0
DA:255,0
DA:256,0
DA:257,0
DA:258,0
DA:259,0
DA:260,0
DA:261,0
DA:262,0
DA:266,0
DA:268,0
DA:271,0
DA:285,0
DA:286,0
DA:287,0
DA:288,0
DA:289,0
DA:290,0
DA:291,0
DA:292,0
DA:296,0
DA:297,0
DA:298,0
DA:299,0
DA:300,0
DA:301,0
DA:302,0
DA:303,0
DA:307,0
DA:308,0
DA:309,0
DA:310,0
DA:311,0
DA:312,0
DA:316,0
DA:317,0
DA:318,0
DA:319,0
DA:320,0
DA:321,0
DA:325,0
DA:326,0
DA:327,0
DA:328,0
DA:329,0
DA:330,0
DA:331,0
DA:335,0
DA:337,0
DA:340,0
DA:354,0
DA:355,0
DA:356,0
DA:357,0
DA:358,0
DA:359,0
DA:360,0
DA:361,0
DA:365,0
DA:366,0
DA:367,0
DA:368,0
DA:369,0
DA:370,0
DA:371,0
DA:372,0
DA:376,0
DA:377,0
DA:378,0
DA:379,0
DA:380,0
DA:381,0
DA:385,0
DA:386,0
DA:387,0
DA:388,0
DA:389,0
DA:390,0
DA:394,0
DA:395,0
DA:396,0
DA:397,0
DA:398,0
DA:399,0
DA:400,0
DA:404,0
DA:406,0
DA:409,0
DA:420,0
DA:421,0
DA:422,0
DA:423,0
DA:424,0
DA:428,0
DA:429,0
DA:430,0
DA:431,0
DA:432,0
DA:436,0
DA:437,0
DA:438,0
DA:442,0
DA:443,0
DA:444,0
DA:448,0
DA:449,0
DA:450,0
DA:451,0
DA:455,0
DA:457,0
DA:460,0
DA:471,0
DA:472,0
DA:473,0
DA:474,0
DA:475,0
DA:479,0
DA:480,0
DA:481,0
DA:482,0
DA:483,0
DA:487,0
DA:488,0
DA:489,0
DA:493,0
DA:494,0
DA:495,0
DA:499,0
DA:500,0
DA:501,0
DA:502,0
DA:506,0
DA:508,0
DA:511,0
DA:521,0
DA:522,0
DA:523,0
DA:524,0
DA:528,0
DA:529,0
DA:530,0
DA:531,0
DA:535,0
DA:536,0
DA:540,0
DA:541,0
DA:545,0
DA:546,0
DA:547,0
DA:551,0
DA:553,0
DA:556,0
DA:566,0
DA:567,0
DA:568,0
DA:569,0
DA:570,0
DA:574,0
DA:575,0
DA:576,0
DA:577,0
DA:578,0
DA:582,0
DA:583,0
DA:587,0
DA:588,0
DA:592,0
DA:593,0
DA:594,0
DA:598,0
DA:600,0
DA:603,0
DA:613,0
DA:614,0
DA:615,0
DA:616,0
DA:617,0
DA:621,0
DA:622,0
DA:623,0
DA:624,0
DA:625,0
DA:629,0
DA:630,0
DA:634,0
DA:635,0
DA:639,0
DA:640,0
DA:641,0
DA:645,0
DA:647,0
DA:650,0
DA:661,0
DA:662,0
DA:663,0
DA:664,0
DA:665,0
DA:666,0
DA:670,0
DA:671,0
DA:672,0
DA:673,0
DA:674,0
DA:675,0
DA:679,0
DA:680,0
DA:681,0
DA:685,0
DA:686,0
DA:687,0
DA:691,0
DA:692,0
DA:693,0
DA:694,0
DA:698,0
DA:700,0
DA:703,0
DA:714,0
DA:715,0
DA:716,0
DA:717,0
DA:718,0
DA:719,0
DA:723,0
DA:724,0
DA:725,0
DA:726,0
DA:727,0
DA:728,0
DA:732,0
DA:733,0
DA:734,0
DA:738,0
DA:739,0
DA:740,0
DA:744,0
DA:745,0
DA:746,0
DA:747,0
DA:751,0
DA:753,0
DA:756,0
DA:767,0
DA:768,0
DA:769,0
DA:770,0
DA:771,0
DA:772,0
DA:776,0
DA:777,0
DA:778,0
DA:779,0
DA:780,0
DA:781,0
DA:785,0
DA:786,0
DA:787,0
DA:791,0
DA:792,0
DA:793,0
DA:797,0
DA:798,0
DA:799,0
DA:800,0
DA:804,0
DA:806,0
DA:809,0
DA:818,0
DA:819,0
DA:820,0
DA:821,0
DA:825,0
DA:826,0
DA:827,0
DA:828,0
DA:832,0
DA:836,0
DA:840,0
DA:841,0
DA:845,0
DA:847,0
DA:850,0
DA:860,0
DA:861,0
DA:862,0
DA:863,0
DA:864,0
DA:868,0
DA:869,0
DA:870,0
DA:871,0
DA:872,0
DA:876,0
DA:877,0
DA:881,0
DA:882,0
DA:886,0
DA:887,0
DA:888,0
DA:892,0
DA:894,0
DA:897,0
DA:907,0
DA:908,0
DA:909,0
DA:910,0
DA:911,0
DA:915,0
DA:916,0
DA:917,0
DA:918,0
DA:919,0
DA:923,0
DA:924,0
DA:928,0
DA:929,0
DA:933,0
DA:934,0
DA:935,0
DA:939,0
DA:941,0
DA:944,0
DA:955,0
DA:956,0
DA:957,0
DA:958,0
DA:959,0
DA:960,0
DA:964,0
DA:965,0
DA:966,0
DA:967,0
DA:968,0
DA:969,0
DA:973,0
DA:974,0
DA:975,0
DA:979,0
DA:980,0
DA:981,0
DA:985,0
DA:986,0
DA:987,0
DA:988,0
DA:992,0
DA:994,0
DA:997,0
DA:1007,0
DA:1008,0
DA:1009,0
DA:1010,0
DA:1011,0
DA:1015,0
DA:1016,0
DA:1017,0
DA:1018,0
DA:1019,0
DA:1023,0
DA:1024,0
DA:1028,0
DA:1029,0
DA:1033,0
DA:1034,0
DA:1035,0
DA:1039,0
DA:1041,0
DA:1044,0
DA:1054,0
DA:1055,0
DA:1056,0
DA:1057,0
DA:1058,0
DA:1062,0
DA:1063,0
DA:1064,0
DA:1065,0
DA:1066,0
DA:1070,0
DA:1071,0
DA:1075,0
DA:1076,0
DA:1080,0
DA:1081,0
DA:1082,0
DA:1086,0
DA:1088,0
DA:1091,0
DA:1100,0
DA:1101,0
DA:1102,0
DA:1103,0
DA:1107,0
DA:1108,0
DA:1109,0
DA:1110,0
DA:1114,0
DA:1118,0
DA:1122,0
DA:1123,0
DA:1127,0
DA:1129,0
DA:1132,0
DA:1145,0
DA:1146,0
DA:1147,0
DA:1148,0
DA:1149,0
DA:1150,0
DA:1151,0
DA:1155,0
DA:1156,0
DA:1157,0
DA:1158,0
DA:1159,0
DA:1160,0
DA:1161,0
DA:1165,0
DA:1166,0
DA:1167,0
DA:1168,0
DA:1169,0
DA:1173,0
DA:1174,0
DA:1175,0
DA:1176,0
DA:1177,0
DA:1181,0
DA:1182,0
DA:1183,0
DA:1184,0
DA:1185,0
DA:1186,0
DA:1190,0
DA:1192,0
DA:1195,0
DA:1208,0
DA:1209,0
DA:1210,0
DA:1211,0
DA:1212,0
DA:1213,0
DA:1214,0
DA:1218,0
DA:1219,0
DA:1220,0
DA:1221,0
DA:1222,0
DA:1223,0
DA:1224,0
DA:1228,0
DA:1229,0
DA:1230,0
DA:1231,0
DA:1232,0
DA:1236,0
DA:1237,0
DA:1238,0
DA:1239,0
DA:1240,0
DA:1244,0
DA:1245,0
DA:1246,0
DA:1247,0
DA:1248,0
DA:1249,0
DA:1253,0
DA:1255,0
DA:1258,0
DA:1272,0
DA:1273,0
DA:1274,0
DA:1275,0
DA:1276,0
DA:1277,0
DA:1278,0
DA:1279,0
DA:1283,0
DA:1284,0
DA:1285,0
DA:1286,0
DA:1287,0
DA:1288,0
DA:1289,0
DA:1290,0
DA:1294,0
DA:1295,0
DA:1296,0
DA:1297,0
DA:1298,0
DA:1299,0
DA:1303,0
DA:1304,0
DA:1305,0
DA:1306,0
DA:1307,0
DA:1308,0
DA:1312,0
DA:1313,0
DA:1314,0
DA:1315,0
DA:1316,0
DA:1317,0
DA:1318,0
DA:1322,0
DA:1324,0
DA:1327,0
DA:1341,0
DA:1342,0
DA:1343,0
DA:1344,0
DA:1345,0
DA:1346,0
DA:1351,0
DA:1352,0
DA:1353,0
DA:1354,0
DA:1355,0
DA:1356,0
DA:1359,0
DA:1401,0
DA:1443,0
DA:1470,0
DA:1485,0
DA:1489,0
DA:1493,0
DA:1505,0
DA:1507,0
DA:1508,0
DA:1509,0
DA:1512,0
DA:1516,0
DA:1517,0
DA:1518,0
DA:1522,0
DA:1527,0
DA:1535,0
DA:1536,0
DA:1541,0
DA:1542,0
DA:1543,0
DA:1545,0
DA:1546,0
DA:1548,0
DA:1549,0
DA:1551,0
DA:1552,0
DA:1554,0
DA:1555,0
DA:1557,0
DA:1558,0
DA:1560,0
DA:1561,0
DA:1563,0
DA:1564,0
DA:1566,0
DA:1568,0
DA:1573,0
DA:1574,0
DA:1575,0
DA:1576,0
LF:681
LH:0
BRDA:210,0,0,0
BRDA:210,0,1,0
BRDA:210,1,0,0
BRDA:210,1,1,0
BRDA:211,2,0,0
BRDA:211,2,1,0
BRDA:211,3,0,0
BRDA:211,3,1,0
BRDA:212,4,0,0
BRDA:212,4,1,0
BRDA:212,5,0,0
BRDA:212,5,1,0
BRDA:222,6,0,0
BRDA:222,6,1,0
BRDA:223,7,0,0
BRDA:223,7,1,0
BRDA:224,8,0,0
BRDA:224,8,1,0
BRDA:289,9,0,0
BRDA:289,9,1,0
BRDA:289,10,0,0
BRDA:289,10,1,0
BRDA:299,11,0,0
BRDA:299,11,1,0
BRDA:358,12,0,0
BRDA:358,12,1,0
BRDA:358,13,0,0
BRDA:358,13,1,0
BRDA:368,14,0,0
BRDA:368,14,1,0
BRDA:524,15,0,0
BRDA:524,15,1,0
BRDA:524,16,0,0
BRDA:524,16,1,0
BRDA:530,17,0,0
BRDA:530,17,1,0
BRDA:576,18,0,0
BRDA:623,19,0,0
BRDA:672,20,0,0
BRDA:725,21,0,0
BRDA:778,22,0,0
BRDA:827,23,0,0
BRDA:870,24,0,0
BRDA:917,25,0,0
BRDA:966,26,0,0
BRDA:1017,27,0,0
BRDA:1064,28,0,0
BRDA:1109,29,0,0
BRDA:1542,30,0,0
BRDA:1542,31,0,0
BRDA:1542,31,1,0
BRDA:1542,31,2,0
BRDA:1542,31,3,0
BRDA:1545,32,0,0
BRDA:1545,33,0,0
BRDA:1545,33,1,0
BRDA:1545,33,2,0
BRDA:1545,33,3,0
BRDA:1548,34,0,0
BRDA:1548,35,0,0
BRDA:1548,35,1,0
BRDA:1548,35,2,0
BRDA:1548,35,3,0
BRDA:1551,36,0,0
BRDA:1551,37,0,0
BRDA:1551,37,1,0
BRDA:1551,37,2,0
BRDA:1551,37,3,0
BRDA:1554,38,0,0
BRDA:1554,39,0,0
BRDA:1554,39,1,0
BRDA:1554,39,2,0
BRDA:1554,39,3,0
BRDA:1557,40,0,0
BRDA:1557,41,0,0
BRDA:1557,41,1,0
BRDA:1557,41,2,0
BRDA:1557,41,3,0
BRDA:1560,42,0,0
BRDA:1560,43,0,0
BRDA:1560,43,1,0
BRDA:1560,43,2,0
BRDA:1560,43,3,0
BRDA:1563,44,0,0
BRDA:1563,45,0,0
BRDA:1563,45,1,0
BRDA:1563,45,2,0
BRDA:1563,45,3,0
BRDA:1566,46,0,0
BRF:89
BRH:0
end_of_record
TN:
SF:build\AnimalHelperPool_AnimalHelperPool.ts
FN:31,storeDataSize
FN:32,(anonymous_1)
FN:40,loadDataSize
FN:48,loadTupleDataSize
FN:55,loadGetterTupleDataSize
FN:62,storeTupleDataSize
FN:70,dictValueParserDataSize
FN:72,(anonymous_7)
FN:75,(anonymous_8)
FN:87,storeStateInit
FN:88,(anonymous_10)
FN:95,loadStateInit
FN:102,loadTupleStateInit
FN:108,loadGetterTupleStateInit
FN:114,storeTupleStateInit
FN:121,dictValueParserStateInit
FN:123,(anonymous_16)
FN:126,(anonymous_17)
FN:140,storeContext
FN:141,(anonymous_19)
FN:150,loadContext
FN:159,loadTupleContext
FN:167,loadGetterTupleContext
FN:175,storeTupleContext
FN:184,dictValueParserContext
FN:186,(anonymous_25)
FN:189,(anonymous_26)
FN:206,storeSendParameters
FN:207,(anonymous_28)
FN:219,loadSendParameters
FN:231,loadTupleSendParameters
FN:242,loadGetterTupleSendParameters
FN:253,storeTupleSendParameters
FN:265,dictValueParserSendParameters
FN:267,(anonymous_34)
FN:270,(anonymous_35)
FN:285,storeMessageParameters
FN:286,(anonymous_37)
FN:296,loadMessageParameters
FN:306,loadTupleMessageParameters
FN:315,loadGetterTupleMessageParameters
FN:324,storeTupleMessageParameters
FN:334,dictValueParserMessageParameters
FN:336,(anonymous_43)
FN:339,(anonymous_44)
FN:354,storeDeployParameters
FN:355,(anonymous_46)
FN:365,loadDeployParameters
FN:375,loadTupleDeployParameters
FN:384,loadGetterTupleDeployParameters
FN:393,storeTupleDeployParameters
FN:403,dictValueParserDeployParameters
FN:405,(anonymous_52)
FN:408,(anonymous_53)
FN:420,storeStdAddress
FN:421,(anonymous_55)
FN:428,loadStdAddress
FN:435,loadTupleStdAddress
FN:441,loadGetterTupleStdAddress
FN:447,storeTupleStdAddress
FN:454,dictValueParserStdAddress
FN:456,(anonymous_61)
FN:459,(anonymous_62)
FN:471,storeVarAddress
FN:472,(anonymous_64)
FN:479,loadVarAddress
FN:486,loadTupleVarAddress
FN:492,loadGetterTupleVarAddress
FN:498,storeTupleVarAddress
FN:505,dictValueParserVarAddress
FN:507,(anonymous_70)
FN:510,(anonymous_71)
FN:521,storeBasechainAddress
FN:522,(anonymous_73)
FN:528,loadBasechainAddress
FN:534,loadTupleBasechainAddress
FN:539,loadGetterTupleBasechainAddress
FN:544,storeTupleBasechainAddress
FN:550,dictValueParserBasechainAddress
FN:552,(anonymous_79)
FN:555,(anonymous_80)
FN:566,storeDeploy
FN:567,(anonymous_82)
FN:574,loadDeploy
FN:581,loadTupleDeploy
FN:586,loadGetterTupleDeploy
FN:591,storeTupleDeploy
FN:597,dictValueParserDeploy
FN:599,(anonymous_88)
FN:602,(anonymous_89)
FN:613,storeDeployOk
FN:614,(anonymous_91)
FN:621,loadDeployOk
FN:628,loadTupleDeployOk
FN:633,loadGetterTupleDeployOk
FN:638,storeTupleDeployOk
FN:644,dictValueParserDeployOk
FN:646,(anonymous_97)
FN:649,(anonymous_98)
FN:661,storeFactoryDeploy
FN:662,(anonymous_100)
FN:670,loadFactoryDeploy
FN:678,loadTupleFactoryDeploy
FN:684,loadGetterTupleFactoryDeploy
FN:690,storeTupleFactoryDeploy
FN:697,dictValueParserFactoryDeploy
FN:699,(anonymous_106)
FN:702,(anonymous_107)
FN:714,storeChangeOwner
FN:715,(anonymous_109)
FN:723,loadChangeOwner
FN:731,loadTupleChangeOwner
FN:737,loadGetterTupleChangeOwner
FN:743,storeTupleChangeOwner
FN:750,dictValueParserChangeOwner
FN:752,(anonymous_115)
FN:755,(anonymous_116)
FN:767,storeChangeOwnerOk
FN:768,(anonymous_118)
FN:776,loadChangeOwnerOk
FN:784,loadTupleChangeOwnerOk
FN:790,loadGetterTupleChangeOwnerOk
FN:796,storeTupleChangeOwnerOk
FN:803,dictValueParserChangeOwnerOk
FN:805,(anonymous_124)
FN:808,(anonymous_125)
FN:819,storeTransferToAnimalShelterMessage
FN:820,(anonymous_127)
FN:827,loadTransferToAnimalShelterMessage
FN:834,loadTupleTransferToAnimalShelterMessage
FN:839,loadGetterTupleTransferToAnimalShelterMessage
FN:844,storeTupleTransferToAnimalShelterMessage
FN:850,dictValueParserTransferToAnimalShelterMessage
FN:852,(anonymous_133)
FN:855,(anonymous_134)
FN:867,storeEmergencyTransferMessage
FN:868,(anonymous_136)
FN:876,loadEmergencyTransferMessage
FN:884,loadTupleEmergencyTransferMessage
FN:890,loadGetterTupleEmergencyTransferMessage
FN:896,storeTupleEmergencyTransferMessage
FN:903,dictValueParserEmergencyTransferMessage
FN:905,(anonymous_142)
FN:908,(anonymous_143)
FN:919,storeUpdateVotingContractMessage
FN:920,(anonymous_145)
FN:927,loadUpdateVotingContractMessage
FN:934,loadTupleUpdateVotingContractMessage
FN:939,loadGetterTupleUpdateVotingContractMessage
FN:944,storeTupleUpdateVotingContractMessage
FN:950,dictValueParserUpdateVotingContractMessage
FN:952,(anonymous_151)
FN:955,(anonymous_152)
FN:965,storeGetStatisticsMessage
FN:966,(anonymous_154)
FN:972,loadGetStatisticsMessage
FN:978,loadTupleGetStatisticsMessage
FN:982,loadGetterTupleGetStatisticsMessage
FN:986,storeTupleGetStatisticsMessage
FN:991,dictValueParserGetStatisticsMessage
FN:993,(anonymous_160)
FN:996,(anonymous_161)
FN:1008,storeConvertToTokenMessage
FN:1009,(anonymous_163)
FN:1017,loadConvertToTokenMessage
FN:1025,loadTupleConvertToTokenMessage
FN:1031,loadGetterTupleConvertToTokenMessage
FN:1037,storeTupleConvertToTokenMessage
FN:1044,dictValueParserConvertToTokenMessage
FN:1046,(anonymous_169)
FN:1049,(anonymous_170)
FN:1059,storeExternalDonationMessage
FN:1060,(anonymous_172)
FN:1066,loadExternalDonationMessage
FN:1072,loadTupleExternalDonationMessage
FN:1076,loadGetterTupleExternalDonationMessage
FN:1080,storeTupleExternalDonationMessage
FN:1085,dictValueParserExternalDonationMessage
FN:1087,(anonymous_178)
FN:1090,(anonymous_179)
FN:1100,storeEmergencyWithdrawMessage
FN:1101,(anonymous_181)
FN:1107,loadEmergencyWithdrawMessage
FN:1113,loadTupleEmergencyWithdrawMessage
FN:1117,loadGetterTupleEmergencyWithdrawMessage
FN:1121,storeTupleEmergencyWithdrawMessage
FN:1126,dictValueParserEmergencyWithdrawMessage
FN:1128,(anonymous_187)
FN:1131,(anonymous_188)
FN:1148,storeAnimalHelperPool$Data
FN:1149,(anonymous_190)
FN:1165,loadAnimalHelperPool$Data
FN:1179,loadTupleAnimalHelperPool$Data
FN:1190,loadGetterTupleAnimalHelperPool$Data
FN:1201,storeTupleAnimalHelperPool$Data
FN:1213,dictValueParserAnimalHelperPool$Data
FN:1215,(anonymous_196)
FN:1218,(anonymous_197)
FN:1230,initAnimalHelperPool_init_args
FN:1231,(anonymous_199)
FN:1238,AnimalHelperPool_init
FN:1398,(anonymous_201)
FN:1402,(anonymous_202)
FN:1408,(anonymous_203)
FN:1421,(anonymous_204)
FN:1426,(anonymous_205)
FN:1462,(anonymous_206)
FNF:207
FNH:0
FNDA:0,storeDataSize
FNDA:0,(anonymous_1)
FNDA:0,loadDataSize
FNDA:0,loadTupleDataSize
FNDA:0,loadGetterTupleDataSize
FNDA:0,storeTupleDataSize
FNDA:0,dictValueParserDataSize
FNDA:0,(anonymous_7)
FNDA:0,(anonymous_8)
FNDA:0,storeStateInit
FNDA:0,(anonymous_10)
FNDA:0,loadStateInit
FNDA:0,loadTupleStateInit
FNDA:0,loadGetterTupleStateInit
FNDA:0,storeTupleStateInit
FNDA:0,dictValueParserStateInit
FNDA:0,(anonymous_16)
FNDA:0,(anonymous_17)
FNDA:0,storeContext
FNDA:0,(anonymous_19)
FNDA:0,loadContext
FNDA:0,loadTupleContext
FNDA:0,loadGetterTupleContext
FNDA:0,storeTupleContext
FNDA:0,dictValueParserContext
FNDA:0,(anonymous_25)
FNDA:0,(anonymous_26)
FNDA:0,storeSendParameters
FNDA:0,(anonymous_28)
FNDA:0,loadSendParameters
FNDA:0,loadTupleSendParameters
FNDA:0,loadGetterTupleSendParameters
FNDA:0,storeTupleSendParameters
FNDA:0,dictValueParserSendParameters
FNDA:0,(anonymous_34)
FNDA:0,(anonymous_35)
FNDA:0,storeMessageParameters
FNDA:0,(anonymous_37)
FNDA:0,loadMessageParameters
FNDA:0,loadTupleMessageParameters
FNDA:0,loadGetterTupleMessageParameters
FNDA:0,storeTupleMessageParameters
FNDA:0,dictValueParserMessageParameters
FNDA:0,(anonymous_43)
FNDA:0,(anonymous_44)
FNDA:0,storeDeployParameters
FNDA:0,(anonymous_46)
FNDA:0,loadDeployParameters
FNDA:0,loadTupleDeployParameters
FNDA:0,loadGetterTupleDeployParameters
FNDA:0,storeTupleDeployParameters
FNDA:0,dictValueParserDeployParameters
FNDA:0,(anonymous_52)
FNDA:0,(anonymous_53)
FNDA:0,storeStdAddress
FNDA:0,(anonymous_55)
FNDA:0,loadStdAddress
FNDA:0,loadTupleStdAddress
FNDA:0,loadGetterTupleStdAddress
FNDA:0,storeTupleStdAddress
FNDA:0,dictValueParserStdAddress
FNDA:0,(anonymous_61)
FNDA:0,(anonymous_62)
FNDA:0,storeVarAddress
FNDA:0,(anonymous_64)
FNDA:0,loadVarAddress
FNDA:0,loadTupleVarAddress
FNDA:0,loadGetterTupleVarAddress
FNDA:0,storeTupleVarAddress
FNDA:0,dictValueParserVarAddress
FNDA:0,(anonymous_70)
FNDA:0,(anonymous_71)
FNDA:0,storeBasechainAddress
FNDA:0,(anonymous_73)
FNDA:0,loadBasechainAddress
FNDA:0,loadTupleBasechainAddress
FNDA:0,loadGetterTupleBasechainAddress
FNDA:0,storeTupleBasechainAddress
FNDA:0,dictValueParserBasechainAddress
FNDA:0,(anonymous_79)
FNDA:0,(anonymous_80)
FNDA:0,storeDeploy
FNDA:0,(anonymous_82)
FNDA:0,loadDeploy
FNDA:0,loadTupleDeploy
FNDA:0,loadGetterTupleDeploy
FNDA:0,storeTupleDeploy
FNDA:0,dictValueParserDeploy
FNDA:0,(anonymous_88)
FNDA:0,(anonymous_89)
FNDA:0,storeDeployOk
FNDA:0,(anonymous_91)
FNDA:0,loadDeployOk
FNDA:0,loadTupleDeployOk
FNDA:0,loadGetterTupleDeployOk
FNDA:0,storeTupleDeployOk
FNDA:0,dictValueParserDeployOk
FNDA:0,(anonymous_97)
FNDA:0,(anonymous_98)
FNDA:0,storeFactoryDeploy
FNDA:0,(anonymous_100)
FNDA:0,loadFactoryDeploy
FNDA:0,loadTupleFactoryDeploy
FNDA:0,loadGetterTupleFactoryDeploy
FNDA:0,storeTupleFactoryDeploy
FNDA:0,dictValueParserFactoryDeploy
FNDA:0,(anonymous_106)
FNDA:0,(anonymous_107)
FNDA:0,storeChangeOwner
FNDA:0,(anonymous_109)
FNDA:0,loadChangeOwner
FNDA:0,loadTupleChangeOwner
FNDA:0,loadGetterTupleChangeOwner
FNDA:0,storeTupleChangeOwner
FNDA:0,dictValueParserChangeOwner
FNDA:0,(anonymous_115)
FNDA:0,(anonymous_116)
FNDA:0,storeChangeOwnerOk
FNDA:0,(anonymous_118)
FNDA:0,loadChangeOwnerOk
FNDA:0,loadTupleChangeOwnerOk
FNDA:0,loadGetterTupleChangeOwnerOk
FNDA:0,storeTupleChangeOwnerOk
FNDA:0,dictValueParserChangeOwnerOk
FNDA:0,(anonymous_124)
FNDA:0,(anonymous_125)
FNDA:0,storeTransferToAnimalShelterMessage
FNDA:0,(anonymous_127)
FNDA:0,loadTransferToAnimalShelterMessage
FNDA:0,loadTupleTransferToAnimalShelterMessage
FNDA:0,loadGetterTupleTransferToAnimalShelterMessage
FNDA:0,storeTupleTransferToAnimalShelterMessage
FNDA:0,dictValueParserTransferToAnimalShelterMessage
FNDA:0,(anonymous_133)
FNDA:0,(anonymous_134)
FNDA:0,storeEmergencyTransferMessage
FNDA:0,(anonymous_136)
FNDA:0,loadEmergencyTransferMessage
FNDA:0,loadTupleEmergencyTransferMessage
FNDA:0,loadGetterTupleEmergencyTransferMessage
FNDA:0,storeTupleEmergencyTransferMessage
FNDA:0,dictValueParserEmergencyTransferMessage
FNDA:0,(anonymous_142)
FNDA:0,(anonymous_143)
FNDA:0,storeUpdateVotingContractMessage
FNDA:0,(anonymous_145)
FNDA:0,loadUpdateVotingContractMessage
FNDA:0,loadTupleUpdateVotingContractMessage
FNDA:0,loadGetterTupleUpdateVotingContractMessage
FNDA:0,storeTupleUpdateVotingContractMessage
FNDA:0,dictValueParserUpdateVotingContractMessage
FNDA:0,(anonymous_151)
FNDA:0,(anonymous_152)
FNDA:0,storeGetStatisticsMessage
FNDA:0,(anonymous_154)
FNDA:0,loadGetStatisticsMessage
FNDA:0,loadTupleGetStatisticsMessage
FNDA:0,loadGetterTupleGetStatisticsMessage
FNDA:0,storeTupleGetStatisticsMessage
FNDA:0,dictValueParserGetStatisticsMessage
FNDA:0,(anonymous_160)
FNDA:0,(anonymous_161)
FNDA:0,storeConvertToTokenMessage
FNDA:0,(anonymous_163)
FNDA:0,loadConvertToTokenMessage
FNDA:0,loadTupleConvertToTokenMessage
FNDA:0,loadGetterTupleConvertToTokenMessage
FNDA:0,storeTupleConvertToTokenMessage
FNDA:0,dictValueParserConvertToTokenMessage
FNDA:0,(anonymous_169)
FNDA:0,(anonymous_170)
FNDA:0,storeExternalDonationMessage
FNDA:0,(anonymous_172)
FNDA:0,loadExternalDonationMessage
FNDA:0,loadTupleExternalDonationMessage
FNDA:0,loadGetterTupleExternalDonationMessage
FNDA:0,storeTupleExternalDonationMessage
FNDA:0,dictValueParserExternalDonationMessage
FNDA:0,(anonymous_178)
FNDA:0,(anonymous_179)
FNDA:0,storeEmergencyWithdrawMessage
FNDA:0,(anonymous_181)
FNDA:0,loadEmergencyWithdrawMessage
FNDA:0,loadTupleEmergencyWithdrawMessage
FNDA:0,loadGetterTupleEmergencyWithdrawMessage
FNDA:0,storeTupleEmergencyWithdrawMessage
FNDA:0,dictValueParserEmergencyWithdrawMessage
FNDA:0,(anonymous_187)
FNDA:0,(anonymous_188)
FNDA:0,storeAnimalHelperPool$Data
FNDA:0,(anonymous_190)
FNDA:0,loadAnimalHelperPool$Data
FNDA:0,loadTupleAnimalHelperPool$Data
FNDA:0,loadGetterTupleAnimalHelperPool$Data
FNDA:0,storeTupleAnimalHelperPool$Data
FNDA:0,dictValueParserAnimalHelperPool$Data
FNDA:0,(anonymous_196)
FNDA:0,(anonymous_197)
FNDA:0,initAnimalHelperPool_init_args
FNDA:0,(anonymous_199)
FNDA:0,AnimalHelperPool_init
FNDA:0,(anonymous_201)
FNDA:0,(anonymous_202)
FNDA:0,(anonymous_203)
FNDA:0,(anonymous_204)
FNDA:0,(anonymous_205)
FNDA:0,(anonymous_206)
DA:1,0
DA:31,0
DA:32,0
DA:33,0
DA:34,0
DA:35,0
DA:36,0
DA:40,0
DA:41,0
DA:42,0
DA:43,0
DA:44,0
DA:45,0
DA:49,0
DA:50,0
DA:51,0
DA:52,0
DA:56,0
DA:57,0
DA:58,0
DA:59,0
DA:63,0
DA:64,0
DA:65,0
DA:66,0
DA:67,0
DA:71,0
DA:73,0
DA:76,0
DA:87,0
DA:88,0
DA:89,0
DA:90,0
DA:91,0
DA:95,0
DA:96,0
DA:97,0
DA:98,0
DA:99,0
DA:103,0
DA:104,0
DA:105,0
DA:109,0
DA:110,0
DA:111,0
DA:115,0
DA:116,0
DA:117,0
DA:118,0
DA:122,0
DA:124,0
DA:127,0
DA:140,0
DA:141,0
DA:142,0
DA:143,0
DA:144,0
DA:145,0
DA:146,0
DA:150,0
DA:151,0
DA:152,0
DA:153,0
DA:154,0
DA:155,0
DA:156,0
DA:160,0
DA:161,0
DA:162,0
DA:163,0
DA:164,0
DA:168,0
DA:169,0
DA:170,0
DA:171,0
DA:172,0
DA:176,0
DA:177,0
DA:178,0
DA:179,0
DA:180,0
DA:181,0
DA:185,0
DA:187,0
DA:190,0
DA:206,0
DA:207,0
DA:208,0
DA:209,0
DA:210,0
DA:211,0
DA:212,0
DA:213,0
DA:214,0
DA:215,0
DA:219,0
DA:220,0
DA:221,0
DA:222,0
DA:223,0
DA:224,0
DA:225,0
DA:226,0
DA:227,0
DA:228,0
DA:232,0
DA:233,0
DA:234,0
DA:235,0
DA:236,0
DA:237,0
DA:238,0
DA:239,0
DA:243,0
DA:244,0
DA:245,0
DA:246,0
DA:247,0
DA:248,0
DA:249,0
DA:250,0
DA:254,0
DA:255,0
DA:256,0
DA:257,0
DA:258,0
DA:259,0
DA:260,0
DA:261,0
DA:262,0
DA:266,0
DA:268,0
DA:271,0
DA:285,0
DA:286,0
DA:287,0
DA:288,0
DA:289,0
DA:290,0
DA:291,0
DA:292,0
DA:296,0
DA:297,0
DA:298,0
DA:299,0
DA:300,0
DA:301,0
DA:302,0
DA:303,0
DA:307,0
DA:308,0
DA:309,0
DA:310,0
DA:311,0
DA:312,0
DA:316,0
DA:317,0
DA:318,0
DA:319,0
DA:320,0
DA:321,0
DA:325,0
DA:326,0
DA:327,0
DA:328,0
DA:329,0
DA:330,0
DA:331,0
DA:335,0
DA:337,0
DA:340,0
DA:354,0
DA:355,0
DA:356,0
DA:357,0
DA:358,0
DA:359,0
DA:360,0
DA:361,0
DA:365,0
DA:366,0
DA:367,0
DA:368,0
DA:369,0
DA:370,0
DA:371,0
DA:372,0
DA:376,0
DA:377,0
DA:378,0
DA:379,0
DA:380,0
DA:381,0
DA:385,0
DA:386,0
DA:387,0
DA:388,0
DA:389,0
DA:390,0
DA:394,0
DA:395,0
DA:396,0
DA:397,0
DA:398,0
DA:399,0
DA:400,0
DA:404,0
DA:406,0
DA:409,0
DA:420,0
DA:421,0
DA:422,0
DA:423,0
DA:424,0
DA:428,0
DA:429,0
DA:430,0
DA:431,0
DA:432,0
DA:436,0
DA:437,0
DA:438,0
DA:442,0
DA:443,0
DA:444,0
DA:448,0
DA:449,0
DA:450,0
DA:451,0
DA:455,0
DA:457,0
DA:460,0
DA:471,0
DA:472,0
DA:473,0
DA:474,0
DA:475,0
DA:479,0
DA:480,0
DA:481,0
DA:482,0
DA:483,0
DA:487,0
DA:488,0
DA:489,0
DA:493,0
DA:494,0
DA:495,0
DA:499,0
DA:500,0
DA:501,0
DA:502,0
DA:506,0
DA:508,0
DA:511,0
DA:521,0
DA:522,0
DA:523,0
DA:524,0
DA:528,0
DA:529,0
DA:530,0
DA:531,0
DA:535,0
DA:536,0
DA:540,0
DA:541,0
DA:545,0
DA:546,0
DA:547,0
DA:551,0
DA:553,0
DA:556,0
DA:566,0
DA:567,0
DA:568,0
DA:569,0
DA:570,0
DA:574,0
DA:575,0
DA:576,0
DA:577,0
DA:578,0
DA:582,0
DA:583,0
DA:587,0
DA:588,0
DA:592,0
DA:593,0
DA:594,0
DA:598,0
DA:600,0
DA:603,0
DA:613,0
DA:614,0
DA:615,0
DA:616,0
DA:617,0
DA:621,0
DA:622,0
DA:623,0
DA:624,0
DA:625,0
DA:629,0
DA:630,0
DA:634,0
DA:635,0
DA:639,0
DA:640,0
DA:641,0
DA:645,0
DA:647,0
DA:650,0
DA:661,0
DA:662,0
DA:663,0
DA:664,0
DA:665,0
DA:666,0
DA:670,0
DA:671,0
DA:672,0
DA:673,0
DA:674,0
DA:675,0
DA:679,0
DA:680,0
DA:681,0
DA:685,0
DA:686,0
DA:687,0
DA:691,0
DA:692,0
DA:693,0
DA:694,0
DA:698,0
DA:700,0
DA:703,0
DA:714,0
DA:715,0
DA:716,0
DA:717,0
DA:718,0
DA:719,0
DA:723,0
DA:724,0
DA:725,0
DA:726,0
DA:727,0
DA:728,0
DA:732,0
DA:733,0
DA:734,0
DA:738,0
DA:739,0
DA:740,0
DA:744,0
DA:745,0
DA:746,0
DA:747,0
DA:751,0
DA:753,0
DA:756,0
DA:767,0
DA:768,0
DA:769,0
DA:770,0
DA:771,0
DA:772,0
DA:776,0
DA:777,0
DA:778,0
DA:779,0
DA:780,0
DA:781,0
DA:785,0
DA:786,0
DA:787,0
DA:791,0
DA:792,0
DA:793,0
DA:797,0
DA:798,0
DA:799,0
DA:800,0
DA:804,0
DA:806,0
DA:809,0
DA:819,0
DA:820,0
DA:821,0
DA:822,0
DA:823,0
DA:827,0
DA:828,0
DA:829,0
DA:830,0
DA:831,0
DA:835,0
DA:836,0
DA:840,0
DA:841,0
DA:845,0
DA:846,0
DA:847,0
DA:851,0
DA:853,0
DA:856,0
DA:867,0
DA:868,0
DA:869,0
DA:870,0
DA:871,0
DA:872,0
DA:876,0
DA:877,0
DA:878,0
DA:879,0
DA:880,0
DA:881,0
DA:885,0
DA:886,0
DA:887,0
DA:891,0
DA:892,0
DA:893,0
DA:897,0
DA:898,0
DA:899,0
DA:900,0
DA:904,0
DA:906,0
DA:909,0
DA:919,0
DA:920,0
DA:921,0
DA:922,0
DA:923,0
DA:927,0
DA:928,0
DA:929,0
DA:930,0
DA:931,0
DA:935,0
DA:936,0
DA:940,0
DA:941,0
DA:945,0
DA:946,0
DA:947,0
DA:951,0
DA:953,0
DA:956,0
DA:965,0
DA:966,0
DA:967,0
DA:968,0
DA:972,0
DA:973,0
DA:974,0
DA:975,0
DA:979,0
DA:983,0
DA:987,0
DA:988,0
DA:992,0
DA:994,0
DA:997,0
DA:1008,0
DA:1009,0
DA:1010,0
DA:1011,0
DA:1012,0
DA:1013,0
DA:1017,0
DA:1018,0
DA:1019,0
DA:1020,0
DA:1021,0
DA:1022,0
DA:1026,0
DA:1027,0
DA:1028,0
DA:1032,0
DA:1033,0
DA:1034,0
DA:1038,0
DA:1039,0
DA:1040,0
DA:1041,0
DA:1045,0
DA:1047,0
DA:1050,0
DA:1059,0
DA:1060,0
DA:1061,0
DA:1062,0
DA:1066,0
DA:1067,0
DA:1068,0
DA:1069,0
DA:1073,0
DA:1077,0
DA:1081,0
DA:1082,0
DA:1086,0
DA:1088,0
DA:1091,0
DA:1100,0
DA:1101,0
DA:1102,0
DA:1103,0
DA:1107,0
DA:1108,0
DA:1109,0
DA:1110,0
DA:1114,0
DA:1118,0
DA:1122,0
DA:1123,0
DA:1127,0
DA:1129,0
DA:1132,0
DA:1148,0
DA:1149,0
DA:1150,0
DA:1151,0
DA:1152,0
DA:1153,0
DA:1154,0
DA:1155,0
DA:1156,0
DA:1157,0
DA:1158,0
DA:1159,0
DA:1160,0
DA:1161,0
DA:1165,0
DA:1166,0
DA:1167,0
DA:1168,0
DA:1169,0
DA:1170,0
DA:1171,0
DA:1172,0
DA:1173,0
DA:1174,0
DA:1175,0
DA:1176,0
DA:1180,0
DA:1181,0
DA:1182,0
DA:1183,0
DA:1184,0
DA:1185,0
DA:1186,0
DA:1187,0
DA:1191,0
DA:1192,0
DA:1193,0
DA:1194,0
DA:1195,0
DA:1196,0
DA:1197,0
DA:1198,0
DA:1202,0
DA:1203,0
DA:1204,0
DA:1205,0
DA:1206,0
DA:1207,0
DA:1208,0
DA:1209,0
DA:1210,0
DA:1214,0
DA:1216,0
DA:1219,0
DA:1231,0
DA:1232,0
DA:1233,0
DA:1234,0
DA:1239,0
DA:1240,0
DA:1241,0
DA:1242,0
DA:1243,0
DA:1244,0
DA:1247,0
DA:1289,0
DA:1331,0
DA:1356,0
DA:1371,0
DA:1375,0
DA:1379,0
DA:1392,0
DA:1394,0
DA:1395,0
DA:1396,0
DA:1399,0
DA:1403,0
DA:1404,0
DA:1405,0
DA:1409,0
DA:1414,0
DA:1422,0
DA:1423,0
DA:1428,0
DA:1429,0
DA:1430,0
DA:1432,0
DA:1433,0
DA:1435,0
DA:1436,0
DA:1438,0
DA:1439,0
DA:1441,0
DA:1442,0
DA:1444,0
DA:1445,0
DA:1447,0
DA:1448,0
DA:1450,0
DA:1451,0
DA:1453,0
DA:1454,0
DA:1456,0
DA:1458,0
DA:1463,0
DA:1464,0
DA:1465,0
DA:1466,0
LF:631
LH:0
BRDA:210,0,0,0
BRDA:210,0,1,0
BRDA:210,1,0,0
BRDA:210,1,1,0
BRDA:211,2,0,0
BRDA:211,2,1,0
BRDA:211,3,0,0
BRDA:211,3,1,0
BRDA:212,4,0,0
BRDA:212,4,1,0
BRDA:212,5,0,0
BRDA:212,5,1,0
BRDA:222,6,0,0
BRDA:222,6,1,0
BRDA:223,7,0,0
BRDA:223,7,1,0
BRDA:224,8,0,0
BRDA:224,8,1,0
BRDA:289,9,0,0
BRDA:289,9,1,0
BRDA:289,10,0,0
BRDA:289,10,1,0
BRDA:299,11,0,0
BRDA:299,11,1,0
BRDA:358,12,0,0
BRDA:358,12,1,0
BRDA:358,13,0,0
BRDA:358,13,1,0
BRDA:368,14,0,0
BRDA:368,14,1,0
BRDA:524,15,0,0
BRDA:524,15,1,0
BRDA:524,16,0,0
BRDA:524,16,1,0
BRDA:530,17,0,0
BRDA:530,17,1,0
BRDA:576,18,0,0
BRDA:623,19,0,0
BRDA:672,20,0,0
BRDA:725,21,0,0
BRDA:778,22,0,0
BRDA:829,23,0,0
BRDA:878,24,0,0
BRDA:929,25,0,0
BRDA:974,26,0,0
BRDA:1019,27,0,0
BRDA:1068,28,0,0
BRDA:1109,29,0,0
BRDA:1429,30,0,0
BRDA:1432,31,0,0
BRDA:1432,32,0,0
BRDA:1432,32,1,0
BRDA:1432,32,2,0
BRDA:1432,32,3,0
BRDA:1435,33,0,0
BRDA:1435,34,0,0
BRDA:1435,34,1,0
BRDA:1435,34,2,0
BRDA:1435,34,3,0
BRDA:1438,35,0,0
BRDA:1438,36,0,0
BRDA:1438,36,1,0
BRDA:1438,36,2,0
BRDA:1438,36,3,0
BRDA:1441,37,0,0
BRDA:1441,38,0,0
BRDA:1441,38,1,0
BRDA:1441,38,2,0
BRDA:1441,38,3,0
BRDA:1444,39,0,0
BRDA:1444,40,0,0
BRDA:1444,40,1,0
BRDA:1444,40,2,0
BRDA:1444,40,3,0
BRDA:1447,41,0,0
BRDA:1447,42,0,0
BRDA:1447,42,1,0
BRDA:1447,42,2,0
BRDA:1447,42,3,0
BRDA:1450,43,0,0
BRDA:1450,44,0,0
BRDA:1450,44,1,0
BRDA:1450,44,2,0
BRDA:1450,44,3,0
BRDA:1453,45,0,0
BRDA:1453,46,0,0
BRDA:1453,46,1,0
BRDA:1453,46,2,0
BRDA:1453,46,3,0
BRDA:1456,47,0,0
BRF:90
BRH:0
end_of_record
TN:
SF:build\AnimalHelperToken_AnimalHelperToken.ts
FN:31,storeDataSize
FN:32,(anonymous_1)
FN:40,loadDataSize
FN:48,loadTupleDataSize
FN:55,loadGetterTupleDataSize
FN:62,storeTupleDataSize
FN:70,dictValueParserDataSize
FN:72,(anonymous_7)
FN:75,(anonymous_8)
FN:87,storeStateInit
FN:88,(anonymous_10)
FN:95,loadStateInit
FN:102,loadTupleStateInit
FN:108,loadGetterTupleStateInit
FN:114,storeTupleStateInit
FN:121,dictValueParserStateInit
FN:123,(anonymous_16)
FN:126,(anonymous_17)
FN:140,storeContext
FN:141,(anonymous_19)
FN:150,loadContext
FN:159,loadTupleContext
FN:167,loadGetterTupleContext
FN:175,storeTupleContext
FN:184,dictValueParserContext
FN:186,(anonymous_25)
FN:189,(anonymous_26)
FN:206,storeSendParameters
FN:207,(anonymous_28)
FN:219,loadSendParameters
FN:231,loadTupleSendParameters
FN:242,loadGetterTupleSendParameters
FN:253,storeTupleSendParameters
FN:265,dictValueParserSendParameters
FN:267,(anonymous_34)
FN:270,(anonymous_35)
FN:285,storeMessageParameters
FN:286,(anonymous_37)
FN:296,loadMessageParameters
FN:306,loadTupleMessageParameters
FN:315,loadGetterTupleMessageParameters
FN:324,storeTupleMessageParameters
FN:334,dictValueParserMessageParameters
FN:336,(anonymous_43)
FN:339,(anonymous_44)
FN:354,storeDeployParameters
FN:355,(anonymous_46)
FN:365,loadDeployParameters
FN:375,loadTupleDeployParameters
FN:384,loadGetterTupleDeployParameters
FN:393,storeTupleDeployParameters
FN:403,dictValueParserDeployParameters
FN:405,(anonymous_52)
FN:408,(anonymous_53)
FN:420,storeStdAddress
FN:421,(anonymous_55)
FN:428,loadStdAddress
FN:435,loadTupleStdAddress
FN:441,loadGetterTupleStdAddress
FN:447,storeTupleStdAddress
FN:454,dictValueParserStdAddress
FN:456,(anonymous_61)
FN:459,(anonymous_62)
FN:471,storeVarAddress
FN:472,(anonymous_64)
FN:479,loadVarAddress
FN:486,loadTupleVarAddress
FN:492,loadGetterTupleVarAddress
FN:498,storeTupleVarAddress
FN:505,dictValueParserVarAddress
FN:507,(anonymous_70)
FN:510,(anonymous_71)
FN:521,storeBasechainAddress
FN:522,(anonymous_73)
FN:528,loadBasechainAddress
FN:534,loadTupleBasechainAddress
FN:539,loadGetterTupleBasechainAddress
FN:544,storeTupleBasechainAddress
FN:550,dictValueParserBasechainAddress
FN:552,(anonymous_79)
FN:555,(anonymous_80)
FN:566,storeDeploy
FN:567,(anonymous_82)
FN:574,loadDeploy
FN:581,loadTupleDeploy
FN:586,loadGetterTupleDeploy
FN:591,storeTupleDeploy
FN:597,dictValueParserDeploy
FN:599,(anonymous_88)
FN:602,(anonymous_89)
FN:613,storeDeployOk
FN:614,(anonymous_91)
FN:621,loadDeployOk
FN:628,loadTupleDeployOk
FN:633,loadGetterTupleDeployOk
FN:638,storeTupleDeployOk
FN:644,dictValueParserDeployOk
FN:646,(anonymous_97)
FN:649,(anonymous_98)
FN:661,storeFactoryDeploy
FN:662,(anonymous_100)
FN:670,loadFactoryDeploy
FN:678,loadTupleFactoryDeploy
FN:684,loadGetterTupleFactoryDeploy
FN:690,storeTupleFactoryDeploy
FN:697,dictValueParserFactoryDeploy
FN:699,(anonymous_106)
FN:702,(anonymous_107)
FN:714,storeChangeOwner
FN:715,(anonymous_109)
FN:723,loadChangeOwner
FN:731,loadTupleChangeOwner
FN:737,loadGetterTupleChangeOwner
FN:743,storeTupleChangeOwner
FN:750,dictValueParserChangeOwner
FN:752,(anonymous_115)
FN:755,(anonymous_116)
FN:767,storeChangeOwnerOk
FN:768,(anonymous_118)
FN:776,loadChangeOwnerOk
FN:784,loadTupleChangeOwnerOk
FN:790,loadGetterTupleChangeOwnerOk
FN:796,storeTupleChangeOwnerOk
FN:803,dictValueParserChangeOwnerOk
FN:805,(anonymous_124)
FN:808,(anonymous_125)
FN:818,storeGetWalletDataMessage
FN:819,(anonymous_127)
FN:825,loadGetWalletDataMessage
FN:831,loadTupleGetWalletDataMessage
FN:835,loadGetterTupleGetWalletDataMessage
FN:839,storeTupleGetWalletDataMessage
FN:844,dictValueParserGetWalletDataMessage
FN:846,(anonymous_133)
FN:849,(anonymous_134)
FN:865,storeInternalTransferMessage
FN:866,(anonymous_136)
FN:878,loadInternalTransferMessage
FN:890,loadTupleInternalTransferMessage
FN:900,loadGetterTupleInternalTransferMessage
FN:910,storeTupleInternalTransferMessage
FN:921,dictValueParserInternalTransferMessage
FN:923,(anonymous_142)
FN:926,(anonymous_143)
FN:943,storeTransferMessage
FN:944,(anonymous_145)
FN:957,loadTransferMessage
FN:970,loadTupleTransferMessage
FN:981,loadGetterTupleTransferMessage
FN:992,storeTupleTransferMessage
FN:1004,dictValueParserTransferMessage
FN:1006,(anonymous_151)
FN:1009,(anonymous_152)
FN:1022,storeBurnMessage
FN:1023,(anonymous_154)
FN:1032,loadBurnMessage
FN:1041,loadTupleBurnMessage
FN:1048,loadGetterTupleBurnMessage
FN:1055,storeTupleBurnMessage
FN:1063,dictValueParserBurnMessage
FN:1065,(anonymous_160)
FN:1068,(anonymous_161)
FN:1082,storeJettonWalletData
FN:1083,(anonymous_163)
FN:1092,loadJettonWalletData
FN:1101,loadTupleJettonWalletData
FN:1109,loadGetterTupleJettonWalletData
FN:1117,storeTupleJettonWalletData
FN:1126,dictValueParserJettonWalletData
FN:1128,(anonymous_169)
FN:1131,(anonymous_170)
FN:1144,storeJettonWallet$Data
FN:1145,(anonymous_172)
FN:1153,loadJettonWallet$Data
FN:1161,loadTupleJettonWallet$Data
FN:1168,loadGetterTupleJettonWallet$Data
FN:1175,storeTupleJettonWallet$Data
FN:1183,dictValueParserJettonWallet$Data
FN:1185,(anonymous_178)
FN:1188,(anonymous_179)
FN:1204,storeJettonData
FN:1205,(anonymous_181)
FN:1216,loadJettonData
FN:1227,loadTupleJettonData
FN:1237,loadGetterTupleJettonData
FN:1247,storeTupleJettonData
FN:1258,dictValueParserJettonData
FN:1260,(anonymous_187)
FN:1263,(anonymous_188)
FN:1274,storeGetWalletAddress
FN:1275,(anonymous_190)
FN:1282,loadGetWalletAddress
FN:1289,loadTupleGetWalletAddress
FN:1294,loadGetterTupleGetWalletAddress
FN:1299,storeTupleGetWalletAddress
FN:1305,dictValueParserGetWalletAddress
FN:1307,(anonymous_196)
FN:1310,(anonymous_197)
FN:1322,storeUpdateDistributionContractMessage
FN:1323,(anonymous_199)
FN:1331,loadUpdateDistributionContractMessage
FN:1339,loadTupleUpdateDistributionContractMessage
FN:1345,loadGetterTupleUpdateDistributionContractMessage
FN:1351,storeTupleUpdateDistributionContractMessage
FN:1358,dictValueParserUpdateDistributionContractMessage
FN:1360,(anonymous_205)
FN:1363,(anonymous_206)
FN:1375,storeUpdateNFTContractMessage
FN:1376,(anonymous_208)
FN:1384,loadUpdateNFTContractMessage
FN:1392,loadTupleUpdateNFTContractMessage
FN:1398,loadGetterTupleUpdateNFTContractMessage
FN:1404,storeTupleUpdateNFTContractMessage
FN:1411,dictValueParserUpdateNFTContractMessage
FN:1413,(anonymous_214)
FN:1416,(anonymous_215)
FN:1428,storeUpdateContentMessage
FN:1429,(anonymous_217)
FN:1437,loadUpdateContentMessage
FN:1445,loadTupleUpdateContentMessage
FN:1451,loadGetterTupleUpdateContentMessage
FN:1457,storeTupleUpdateContentMessage
FN:1464,dictValueParserUpdateContentMessage
FN:1466,(anonymous_223)
FN:1469,(anonymous_224)
FN:1480,storeBuyTokensMessage
FN:1481,(anonymous_226)
FN:1488,loadBuyTokensMessage
FN:1495,loadTupleBuyTokensMessage
FN:1500,loadGetterTupleBuyTokensMessage
FN:1505,storeTupleBuyTokensMessage
FN:1511,dictValueParserBuyTokensMessage
FN:1513,(anonymous_232)
FN:1516,(anonymous_233)
FN:1527,storeToggleMintingMessage
FN:1528,(anonymous_235)
FN:1535,loadToggleMintingMessage
FN:1542,loadTupleToggleMintingMessage
FN:1547,loadGetterTupleToggleMintingMessage
FN:1552,storeTupleToggleMintingMessage
FN:1558,dictValueParserToggleMintingMessage
FN:1560,(anonymous_241)
FN:1563,(anonymous_242)
FN:1574,storeEmergencyWithdrawMessage
FN:1575,(anonymous_244)
FN:1582,loadEmergencyWithdrawMessage
FN:1589,loadTupleEmergencyWithdrawMessage
FN:1594,loadGetterTupleEmergencyWithdrawMessage
FN:1599,storeTupleEmergencyWithdrawMessage
FN:1605,dictValueParserEmergencyWithdrawMessage
FN:1607,(anonymous_250)
FN:1610,(anonymous_251)
FN:1622,storeUpdateTokenRateMessage
FN:1623,(anonymous_253)
FN:1631,loadUpdateTokenRateMessage
FN:1639,loadTupleUpdateTokenRateMessage
FN:1645,loadGetterTupleUpdateTokenRateMessage
FN:1651,storeTupleUpdateTokenRateMessage
FN:1658,dictValueParserUpdateTokenRateMessage
FN:1660,(anonymous_259)
FN:1663,(anonymous_260)
FN:1676,storeAdminParams
FN:1677,(anonymous_262)
FN:1685,loadAdminParams
FN:1693,loadTupleAdminParams
FN:1700,loadGetterTupleAdminParams
FN:1707,storeTupleAdminParams
FN:1715,dictValueParserAdminParams
FN:1717,(anonymous_268)
FN:1720,(anonymous_269)
FN:1739,storeAnimalHelperToken$Data
FN:1740,(anonymous_271)
FN:1756,loadAnimalHelperToken$Data
FN:1771,loadTupleAnimalHelperToken$Data
FN:1784,loadGetterTupleAnimalHelperToken$Data
FN:1797,storeTupleAnimalHelperToken$Data
FN:1811,dictValueParserAnimalHelperToken$Data
FN:1813,(anonymous_277)
FN:1816,(anonymous_278)
FN:1831,initAnimalHelperToken_init_args
FN:1832,(anonymous_280)
FN:1842,AnimalHelperToken_init
FN:2016,(anonymous_282)
FN:2020,(anonymous_283)
FN:2026,(anonymous_284)
FN:2039,(anonymous_285)
FN:2044,(anonymous_286)
FN:2068,(anonymous_287)
FN:2076,(anonymous_288)
FNF:289
FNH:0
FNDA:0,storeDataSize
FNDA:0,(anonymous_1)
FNDA:0,loadDataSize
FNDA:0,loadTupleDataSize
FNDA:0,loadGetterTupleDataSize
FNDA:0,storeTupleDataSize
FNDA:0,dictValueParserDataSize
FNDA:0,(anonymous_7)
FNDA:0,(anonymous_8)
FNDA:0,storeStateInit
FNDA:0,(anonymous_10)
FNDA:0,loadStateInit
FNDA:0,loadTupleStateInit
FNDA:0,loadGetterTupleStateInit
FNDA:0,storeTupleStateInit
FNDA:0,dictValueParserStateInit
FNDA:0,(anonymous_16)
FNDA:0,(anonymous_17)
FNDA:0,storeContext
FNDA:0,(anonymous_19)
FNDA:0,loadContext
FNDA:0,loadTupleContext
FNDA:0,loadGetterTupleContext
FNDA:0,storeTupleContext
FNDA:0,dictValueParserContext
FNDA:0,(anonymous_25)
FNDA:0,(anonymous_26)
FNDA:0,storeSendParameters
FNDA:0,(anonymous_28)
FNDA:0,loadSendParameters
FNDA:0,loadTupleSendParameters
FNDA:0,loadGetterTupleSendParameters
FNDA:0,storeTupleSendParameters
FNDA:0,dictValueParserSendParameters
FNDA:0,(anonymous_34)
FNDA:0,(anonymous_35)
FNDA:0,storeMessageParameters
FNDA:0,(anonymous_37)
FNDA:0,loadMessageParameters
FNDA:0,loadTupleMessageParameters
FNDA:0,loadGetterTupleMessageParameters
FNDA:0,storeTupleMessageParameters
FNDA:0,dictValueParserMessageParameters
FNDA:0,(anonymous_43)
FNDA:0,(anonymous_44)
FNDA:0,storeDeployParameters
FNDA:0,(anonymous_46)
FNDA:0,loadDeployParameters
FNDA:0,loadTupleDeployParameters
FNDA:0,loadGetterTupleDeployParameters
FNDA:0,storeTupleDeployParameters
FNDA:0,dictValueParserDeployParameters
FNDA:0,(anonymous_52)
FNDA:0,(anonymous_53)
FNDA:0,storeStdAddress
FNDA:0,(anonymous_55)
FNDA:0,loadStdAddress
FNDA:0,loadTupleStdAddress
FNDA:0,loadGetterTupleStdAddress
FNDA:0,storeTupleStdAddress
FNDA:0,dictValueParserStdAddress
FNDA:0,(anonymous_61)
FNDA:0,(anonymous_62)
FNDA:0,storeVarAddress
FNDA:0,(anonymous_64)
FNDA:0,loadVarAddress
FNDA:0,loadTupleVarAddress
FNDA:0,loadGetterTupleVarAddress
FNDA:0,storeTupleVarAddress
FNDA:0,dictValueParserVarAddress
FNDA:0,(anonymous_70)
FNDA:0,(anonymous_71)
FNDA:0,storeBasechainAddress
FNDA:0,(anonymous_73)
FNDA:0,loadBasechainAddress
FNDA:0,loadTupleBasechainAddress
FNDA:0,loadGetterTupleBasechainAddress
FNDA:0,storeTupleBasechainAddress
FNDA:0,dictValueParserBasechainAddress
FNDA:0,(anonymous_79)
FNDA:0,(anonymous_80)
FNDA:0,storeDeploy
FNDA:0,(anonymous_82)
FNDA:0,loadDeploy
FNDA:0,loadTupleDeploy
FNDA:0,loadGetterTupleDeploy
FNDA:0,storeTupleDeploy
FNDA:0,dictValueParserDeploy
FNDA:0,(anonymous_88)
FNDA:0,(anonymous_89)
FNDA:0,storeDeployOk
FNDA:0,(anonymous_91)
FNDA:0,loadDeployOk
FNDA:0,loadTupleDeployOk
FNDA:0,loadGetterTupleDeployOk
FNDA:0,storeTupleDeployOk
FNDA:0,dictValueParserDeployOk
FNDA:0,(anonymous_97)
FNDA:0,(anonymous_98)
FNDA:0,storeFactoryDeploy
FNDA:0,(anonymous_100)
FNDA:0,loadFactoryDeploy
FNDA:0,loadTupleFactoryDeploy
FNDA:0,loadGetterTupleFactoryDeploy
FNDA:0,storeTupleFactoryDeploy
FNDA:0,dictValueParserFactoryDeploy
FNDA:0,(anonymous_106)
FNDA:0,(anonymous_107)
FNDA:0,storeChangeOwner
FNDA:0,(anonymous_109)
FNDA:0,loadChangeOwner
FNDA:0,loadTupleChangeOwner
FNDA:0,loadGetterTupleChangeOwner
FNDA:0,storeTupleChangeOwner
FNDA:0,dictValueParserChangeOwner
FNDA:0,(anonymous_115)
FNDA:0,(anonymous_116)
FNDA:0,storeChangeOwnerOk
FNDA:0,(anonymous_118)
FNDA:0,loadChangeOwnerOk
FNDA:0,loadTupleChangeOwnerOk
FNDA:0,loadGetterTupleChangeOwnerOk
FNDA:0,storeTupleChangeOwnerOk
FNDA:0,dictValueParserChangeOwnerOk
FNDA:0,(anonymous_124)
FNDA:0,(anonymous_125)
FNDA:0,storeGetWalletDataMessage
FNDA:0,(anonymous_127)
FNDA:0,loadGetWalletDataMessage
FNDA:0,loadTupleGetWalletDataMessage
FNDA:0,loadGetterTupleGetWalletDataMessage
FNDA:0,storeTupleGetWalletDataMessage
FNDA:0,dictValueParserGetWalletDataMessage
FNDA:0,(anonymous_133)
FNDA:0,(anonymous_134)
FNDA:0,storeInternalTransferMessage
FNDA:0,(anonymous_136)
FNDA:0,loadInternalTransferMessage
FNDA:0,loadTupleInternalTransferMessage
FNDA:0,loadGetterTupleInternalTransferMessage
FNDA:0,storeTupleInternalTransferMessage
FNDA:0,dictValueParserInternalTransferMessage
FNDA:0,(anonymous_142)
FNDA:0,(anonymous_143)
FNDA:0,storeTransferMessage
FNDA:0,(anonymous_145)
FNDA:0,loadTransferMessage
FNDA:0,loadTupleTransferMessage
FNDA:0,loadGetterTupleTransferMessage
FNDA:0,storeTupleTransferMessage
FNDA:0,dictValueParserTransferMessage
FNDA:0,(anonymous_151)
FNDA:0,(anonymous_152)
FNDA:0,storeBurnMessage
FNDA:0,(anonymous_154)
FNDA:0,loadBurnMessage
FNDA:0,loadTupleBurnMessage
FNDA:0,loadGetterTupleBurnMessage
FNDA:0,storeTupleBurnMessage
FNDA:0,dictValueParserBurnMessage
FNDA:0,(anonymous_160)
FNDA:0,(anonymous_161)
FNDA:0,storeJettonWalletData
FNDA:0,(anonymous_163)
FNDA:0,loadJettonWalletData
FNDA:0,loadTupleJettonWalletData
FNDA:0,loadGetterTupleJettonWalletData
FNDA:0,storeTupleJettonWalletData
FNDA:0,dictValueParserJettonWalletData
FNDA:0,(anonymous_169)
FNDA:0,(anonymous_170)
FNDA:0,storeJettonWallet$Data
FNDA:0,(anonymous_172)
FNDA:0,loadJettonWallet$Data
FNDA:0,loadTupleJettonWallet$Data
FNDA:0,loadGetterTupleJettonWallet$Data
FNDA:0,storeTupleJettonWallet$Data
FNDA:0,dictValueParserJettonWallet$Data
FNDA:0,(anonymous_178)
FNDA:0,(anonymous_179)
FNDA:0,storeJettonData
FNDA:0,(anonymous_181)
FNDA:0,loadJettonData
FNDA:0,loadTupleJettonData
FNDA:0,loadGetterTupleJettonData
FNDA:0,storeTupleJettonData
FNDA:0,dictValueParserJettonData
FNDA:0,(anonymous_187)
FNDA:0,(anonymous_188)
FNDA:0,storeGetWalletAddress
FNDA:0,(anonymous_190)
FNDA:0,loadGetWalletAddress
FNDA:0,loadTupleGetWalletAddress
FNDA:0,loadGetterTupleGetWalletAddress
FNDA:0,storeTupleGetWalletAddress
FNDA:0,dictValueParserGetWalletAddress
FNDA:0,(anonymous_196)
FNDA:0,(anonymous_197)
FNDA:0,storeUpdateDistributionContractMessage
FNDA:0,(anonymous_199)
FNDA:0,loadUpdateDistributionContractMessage
FNDA:0,loadTupleUpdateDistributionContractMessage
FNDA:0,loadGetterTupleUpdateDistributionContractMessage
FNDA:0,storeTupleUpdateDistributionContractMessage
FNDA:0,dictValueParserUpdateDistributionContractMessage
FNDA:0,(anonymous_205)
FNDA:0,(anonymous_206)
FNDA:0,storeUpdateNFTContractMessage
FNDA:0,(anonymous_208)
FNDA:0,loadUpdateNFTContractMessage
FNDA:0,loadTupleUpdateNFTContractMessage
FNDA:0,loadGetterTupleUpdateNFTContractMessage
FNDA:0,storeTupleUpdateNFTContractMessage
FNDA:0,dictValueParserUpdateNFTContractMessage
FNDA:0,(anonymous_214)
FNDA:0,(anonymous_215)
FNDA:0,storeUpdateContentMessage
FNDA:0,(anonymous_217)
FNDA:0,loadUpdateContentMessage
FNDA:0,loadTupleUpdateContentMessage
FNDA:0,loadGetterTupleUpdateContentMessage
FNDA:0,storeTupleUpdateContentMessage
FNDA:0,dictValueParserUpdateContentMessage
FNDA:0,(anonymous_223)
FNDA:0,(anonymous_224)
FNDA:0,storeBuyTokensMessage
FNDA:0,(anonymous_226)
FNDA:0,loadBuyTokensMessage
FNDA:0,loadTupleBuyTokensMessage
FNDA:0,loadGetterTupleBuyTokensMessage
FNDA:0,storeTupleBuyTokensMessage
FNDA:0,dictValueParserBuyTokensMessage
FNDA:0,(anonymous_232)
FNDA:0,(anonymous_233)
FNDA:0,storeToggleMintingMessage
FNDA:0,(anonymous_235)
FNDA:0,loadToggleMintingMessage
FNDA:0,loadTupleToggleMintingMessage
FNDA:0,loadGetterTupleToggleMintingMessage
FNDA:0,storeTupleToggleMintingMessage
FNDA:0,dictValueParserToggleMintingMessage
FNDA:0,(anonymous_241)
FNDA:0,(anonymous_242)
FNDA:0,storeEmergencyWithdrawMessage
FNDA:0,(anonymous_244)
FNDA:0,loadEmergencyWithdrawMessage
FNDA:0,loadTupleEmergencyWithdrawMessage
FNDA:0,loadGetterTupleEmergencyWithdrawMessage
FNDA:0,storeTupleEmergencyWithdrawMessage
FNDA:0,dictValueParserEmergencyWithdrawMessage
FNDA:0,(anonymous_250)
FNDA:0,(anonymous_251)
FNDA:0,storeUpdateTokenRateMessage
FNDA:0,(anonymous_253)
FNDA:0,loadUpdateTokenRateMessage
FNDA:0,loadTupleUpdateTokenRateMessage
FNDA:0,loadGetterTupleUpdateTokenRateMessage
FNDA:0,storeTupleUpdateTokenRateMessage
FNDA:0,dictValueParserUpdateTokenRateMessage
FNDA:0,(anonymous_259)
FNDA:0,(anonymous_260)
FNDA:0,storeAdminParams
FNDA:0,(anonymous_262)
FNDA:0,loadAdminParams
FNDA:0,loadTupleAdminParams
FNDA:0,loadGetterTupleAdminParams
FNDA:0,storeTupleAdminParams
FNDA:0,dictValueParserAdminParams
FNDA:0,(anonymous_268)
FNDA:0,(anonymous_269)
FNDA:0,storeAnimalHelperToken$Data
FNDA:0,(anonymous_271)
FNDA:0,loadAnimalHelperToken$Data
FNDA:0,loadTupleAnimalHelperToken$Data
FNDA:0,loadGetterTupleAnimalHelperToken$Data
FNDA:0,storeTupleAnimalHelperToken$Data
FNDA:0,dictValueParserAnimalHelperToken$Data
FNDA:0,(anonymous_277)
FNDA:0,(anonymous_278)
FNDA:0,initAnimalHelperToken_init_args
FNDA:0,(anonymous_280)
FNDA:0,AnimalHelperToken_init
FNDA:0,(anonymous_282)
FNDA:0,(anonymous_283)
FNDA:0,(anonymous_284)
FNDA:0,(anonymous_285)
FNDA:0,(anonymous_286)
FNDA:0,(anonymous_287)
FNDA:0,(anonymous_288)
DA:1,0
DA:31,0
DA:32,0
DA:33,0
DA:34,0
DA:35,0
DA:36,0
DA:40,0
DA:41,0
DA:42,0
DA:43,0
DA:44,0
DA:45,0
DA:49,0
DA:50,0
DA:51,0
DA:52,0
DA:56,0
DA:57,0
DA:58,0
DA:59,0
DA:63,0
DA:64,0
DA:65,0
DA:66,0
DA:67,0
DA:71,0
DA:73,0
DA:76,0
DA:87,0
DA:88,0
DA:89,0
DA:90,0
DA:91,0
DA:95,0
DA:96,0
DA:97,0
DA:98,0
DA:99,0
DA:103,0
DA:104,0
DA:105,0
DA:109,0
DA:110,0
DA:111,0
DA:115,0
DA:116,0
DA:117,0
DA:118,0
DA:122,0
DA:124,0
DA:127,0
DA:140,0
DA:141,0
DA:142,0
DA:143,0
DA:144,0
DA:145,0
DA:146,0
DA:150,0
DA:151,0
DA:152,0
DA:153,0
DA:154,0
DA:155,0
DA:156,0
DA:160,0
DA:161,0
DA:162,0
DA:163,0
DA:164,0
DA:168,0
DA:169,0
DA:170,0
DA:171,0
DA:172,0
DA:176,0
DA:177,0
DA:178,0
DA:179,0
DA:180,0
DA:181,0
DA:185,0
DA:187,0
DA:190,0
DA:206,0
DA:207,0
DA:208,0
DA:209,0
DA:210,0
DA:211,0
DA:212,0
DA:213,0
DA:214,0
DA:215,0
DA:219,0
DA:220,0
DA:221,0
DA:222,0
DA:223,0
DA:224,0
DA:225,0
DA:226,0
DA:227,0
DA:228,0
DA:232,0
DA:233,0
DA:234,0
DA:235,0
DA:236,0
DA:237,0
DA:238,0
DA:239,0
DA:243,0
DA:244,0
DA:245,0
DA:246,0
DA:247,0
DA:248,0
DA:249,0
DA:250,0
DA:254,0
DA:255,0
DA:256,0
DA:257,0
DA:258,0
DA:259,0
DA:260,0
DA:261,0
DA:262,0
DA:266,0
DA:268,0
DA:271,0
DA:285,0
DA:286,0
DA:287,0
DA:288,0
DA:289,0
DA:290,0
DA:291,0
DA:292,0
DA:296,0
DA:297,0
DA:298,0
DA:299,0
DA:300,0
DA:301,0
DA:302,0
DA:303,0
DA:307,0
DA:308,0
DA:309,0
DA:310,0
DA:311,0
DA:312,0
DA:316,0
DA:317,0
DA:318,0
DA:319,0
DA:320,0
DA:321,0
DA:325,0
DA:326,0
DA:327,0
DA:328,0
DA:329,0
DA:330,0
DA:331,0
DA:335,0
DA:337,0
DA:340,0
DA:354,0
DA:355,0
DA:356,0
DA:357,0
DA:358,0
DA:359,0
DA:360,0
DA:361,0
DA:365,0
DA:366,0
DA:367,0
DA:368,0
DA:369,0
DA:370,0
DA:371,0
DA:372,0
DA:376,0
DA:377,0
DA:378,0
DA:379,0
DA:380,0
DA:381,0
DA:385,0
DA:386,0
DA:387,0
DA:388,0
DA:389,0
DA:390,0
DA:394,0
DA:395,0
DA:396,0
DA:397,0
DA:398,0
DA:399,0
DA:400,0
DA:404,0
DA:406,0
DA:409,0
DA:420,0
DA:421,0
DA:422,0
DA:423,0
DA:424,0
DA:428,0
DA:429,0
DA:430,0
DA:431,0
DA:432,0
DA:436,0
DA:437,0
DA:438,0
DA:442,0
DA:443,0
DA:444,0
DA:448,0
DA:449,0
DA:450,0
DA:451,0
DA:455,0
DA:457,0
DA:460,0
DA:471,0
DA:472,0
DA:473,0
DA:474,0
DA:475,0
DA:479,0
DA:480,0
DA:481,0
DA:482,0
DA:483,0
DA:487,0
DA:488,0
DA:489,0
DA:493,0
DA:494,0
DA:495,0
DA:499,0
DA:500,0
DA:501,0
DA:502,0
DA:506,0
DA:508,0
DA:511,0
DA:521,0
DA:522,0
DA:523,0
DA:524,0
DA:528,0
DA:529,0
DA:530,0
DA:531,0
DA:535,0
DA:536,0
DA:540,0
DA:541,0
DA:545,0
DA:546,0
DA:547,0
DA:551,0
DA:553,0
DA:556,0
DA:566,0
DA:567,0
DA:568,0
DA:569,0
DA:570,0
DA:574,0
DA:575,0
DA:576,0
DA:577,0
DA:578,0
DA:582,0
DA:583,0
DA:587,0
DA:588,0
DA:592,0
DA:593,0
DA:594,0
DA:598,0
DA:600,0
DA:603,0
DA:613,0
DA:614,0
DA:615,0
DA:616,0
DA:617,0
DA:621,0
DA:622,0
DA:623,0
DA:624,0
DA:625,0
DA:629,0
DA:630,0
DA:634,0
DA:635,0
DA:639,0
DA:640,0
DA:641,0
DA:645,0
DA:647,0
DA:650,0
DA:661,0
DA:662,0
DA:663,0
DA:664,0
DA:665,0
DA:666,0
DA:670,0
DA:671,0
DA:672,0
DA:673,0
DA:674,0
DA:675,0
DA:679,0
DA:680,0
DA:681,0
DA:685,0
DA:686,0
DA:687,0
DA:691,0
DA:692,0
DA:693,0
DA:694,0
DA:698,0
DA:700,0
DA:703,0
DA:714,0
DA:715,0
DA:716,0
DA:717,0
DA:718,0
DA:719,0
DA:723,0
DA:724,0
DA:725,0
DA:726,0
DA:727,0
DA:728,0
DA:732,0
DA:733,0
DA:734,0
DA:738,0
DA:739,0
DA:740,0
DA:744,0
DA:745,0
DA:746,0
DA:747,0
DA:751,0
DA:753,0
DA:756,0
DA:767,0
DA:768,0
DA:769,0
DA:770,0
DA:771,0
DA:772,0
DA:776,0
DA:777,0
DA:778,0
DA:779,0
DA:780,0
DA:781,0
DA:785,0
DA:786,0
DA:787,0
DA:791,0
DA:792,0
DA:793,0
DA:797,0
DA:798,0
DA:799,0
DA:800,0
DA:804,0
DA:806,0
DA:809,0
DA:818,0
DA:819,0
DA:820,0
DA:821,0
DA:825,0
DA:826,0
DA:827,0
DA:828,0
DA:832,0
DA:836,0
DA:840,0
DA:841,0
DA:845,0
DA:847,0
DA:850,0
DA:865,0
DA:866,0
DA:867,0
DA:868,0
DA:869,0
DA:870,0
DA:871,0
DA:872,0
DA:873,0
DA:874,0
DA:878,0
DA:879,0
DA:880,0
DA:881,0
DA:882,0
DA:883,0
DA:884,0
DA:885,0
DA:886,0
DA:887,0
DA:891,0
DA:892,0
DA:893,0
DA:894,0
DA:895,0
DA:896,0
DA:897,0
DA:901,0
DA:902,0
DA:903,0
DA:904,0
DA:905,0
DA:906,0
DA:907,0
DA:911,0
DA:912,0
DA:913,0
DA:914,0
DA:915,0
DA:916,0
DA:917,0
DA:918,0
DA:922,0
DA:924,0
DA:927,0
DA:943,0
DA:944,0
DA:945,0
DA:946,0
DA:947,0
DA:948,0
DA:949,0
DA:950,0
DA:951,0
DA:952,0
DA:953,0
DA:957,0
DA:958,0
DA:959,0
DA:960,0
DA:961,0
DA:962,0
DA:963,0
DA:964,0
DA:965,0
DA:966,0
DA:967,0
DA:971,0
DA:972,0
DA:973,0
DA:974,0
DA:975,0
DA:976,0
DA:977,0
DA:978,0
DA:982,0
DA:983,0
DA:984,0
DA:985,0
DA:986,0
DA:987,0
DA:988,0
DA:989,0
DA:993,0
DA:994,0
DA:995,0
DA:996,0
DA:997,0
DA:998,0
DA:999,0
DA:1000,0
DA:1001,0
DA:1005,0
DA:1007,0
DA:1010,0
DA:1022,0
DA:1023,0
DA:1024,0
DA:1025,0
DA:1026,0
DA:1027,0
DA:1028,0
DA:1032,0
DA:1033,0
DA:1034,0
DA:1035,0
DA:1036,0
DA:1037,0
DA:1038,0
DA:1042,0
DA:1043,0
DA:1044,0
DA:1045,0
DA:1049,0
DA:1050,0
DA:1051,0
DA:1052,0
DA:1056,0
DA:1057,0
DA:1058,0
DA:1059,0
DA:1060,0
DA:1064,0
DA:1066,0
DA:1069,0
DA:1082,0
DA:1083,0
DA:1084,0
DA:1085,0
DA:1086,0
DA:1087,0
DA:1088,0
DA:1092,0
DA:1093,0
DA:1094,0
DA:1095,0
DA:1096,0
DA:1097,0
DA:1098,0
DA:1102,0
DA:1103,0
DA:1104,0
DA:1105,0
DA:1106,0
DA:1110,0
DA:1111,0
DA:1112,0
DA:1113,0
DA:1114,0
DA:1118,0
DA:1119,0
DA:1120,0
DA:1121,0
DA:1122,0
DA:1123,0
DA:1127,0
DA:1129,0
DA:1132,0
DA:1144,0
DA:1145,0
DA:1146,0
DA:1147,0
DA:1148,0
DA:1149,0
DA:1153,0
DA:1154,0
DA:1155,0
DA:1156,0
DA:1157,0
DA:1158,0
DA:1162,0
DA:1163,0
DA:1164,0
DA:1165,0
DA:1169,0
DA:1170,0
DA:1171,0
DA:1172,0
DA:1176,0
DA:1177,0
DA:1178,0
DA:1179,0
DA:1180,0
DA:1184,0
DA:1186,0
DA:1189,0
DA:1204,0
DA:1205,0
DA:1206,0
DA:1207,0
DA:1208,0
DA:1209,0
DA:1210,0
DA:1211,0
DA:1212,0
DA:1216,0
DA:1217,0
DA:1218,0
DA:1219,0
DA:1220,0
DA:1221,0
DA:1222,0
DA:1223,0
DA:1224,0
DA:1228,0
DA:1229,0
DA:1230,0
DA:1231,0
DA:1232,0
DA:1233,0
DA:1234,0
DA:1238,0
DA:1239,0
DA:1240,0
DA:1241,0
DA:1242,0
DA:1243,0
DA:1244,0
DA:1248,0
DA:1249,0
DA:1250,0
DA:1251,0
DA:1252,0
DA:1253,0
DA:1254,0
DA:1255,0
DA:1259,0
DA:1261,0
DA:1264,0
DA:1274,0
DA:1275,0
DA:1276,0
DA:1277,0
DA:1278,0
DA:1282,0
DA:1283,0
DA:1284,0
DA:1285,0
DA:1286,0
DA:1290,0
DA:1291,0
DA:1295,0
DA:1296,0
DA:1300,0
DA:1301,0
DA:1302,0
DA:1306,0
DA:1308,0
DA:1311,0
DA:1322,0
DA:1323,0
DA:1324,0
DA:1325,0
DA:1326,0
DA:1327,0
DA:1331,0
DA:1332,0
DA:1333,0
DA:1334,0
DA:1335,0
DA:1336,0
DA:1340,0
DA:1341,0
DA:1342,0
DA:1346,0
DA:1347,0
DA:1348,0
DA:1352,0
DA:1353,0
DA:1354,0
DA:1355,0
DA:1359,0
DA:1361,0
DA:1364,0
DA:1375,0
DA:1376,0
DA:1377,0
DA:1378,0
DA:1379,0
DA:1380,0
DA:1384,0
DA:1385,0
DA:1386,0
DA:1387,0
DA:1388,0
DA:1389,0
DA:1393,0
DA:1394,0
DA:1395,0
DA:1399,0
DA:1400,0
DA:1401,0
DA:1405,0
DA:1406,0
DA:1407,0
DA:1408,0
DA:1412,0
DA:1414,0
DA:1417,0
DA:1428,0
DA:1429,0
DA:1430,0
DA:1431,0
DA:1432,0
DA:1433,0
DA:1437,0
DA:1438,0
DA:1439,0
DA:1440,0
DA:1441,0
DA:1442,0
DA:1446,0
DA:1447,0
DA:1448,0
DA:1452,0
DA:1453,0
DA:1454,0
DA:1458,0
DA:1459,0
DA:1460,0
DA:1461,0
DA:1465,0
DA:1467,0
DA:1470,0
DA:1480,0
DA:1481,0
DA:1482,0
DA:1483,0
DA:1484,0
DA:1488,0
DA:1489,0
DA:1490,0
DA:1491,0
DA:1492,0
DA:1496,0
DA:1497,0
DA:1501,0
DA:1502,0
DA:1506,0
DA:1507,0
DA:1508,0
DA:1512,0
DA:1514,0
DA:1517,0
DA:1527,0
DA:1528,0
DA:1529,0
DA:1530,0
DA:1531,0
DA:1535,0
DA:1536,0
DA:1537,0
DA:1538,0
DA:1539,0
DA:1543,0
DA:1544,0
DA:1548,0
DA:1549,0
DA:1553,0
DA:1554,0
DA:1555,0
DA:1559,0
DA:1561,0
DA:1564,0
DA:1574,0
DA:1575,0
DA:1576,0
DA:1577,0
DA:1578,0
DA:1582,0
DA:1583,0
DA:1584,0
DA:1585,0
DA:1586,0
DA:1590,0
DA:1591,0
DA:1595,0
DA:1596,0
DA:1600,0
DA:1601,0
DA:1602,0
DA:1606,0
DA:1608,0
DA:1611,0
DA:1622,0
DA:1623,0
DA:1624,0
DA:1625,0
DA:1626,0
DA:1627,0
DA:1631,0
DA:1632,0
DA:1633,0
DA:1634,0
DA:1635,0
DA:1636,0
DA:1640,0
DA:1641,0
DA:1642,0
DA:1646,0
DA:1647,0
DA:1648,0
DA:1652,0
DA:1653,0
DA:1654,0
DA:1655,0
DA:1659,0
DA:1661,0
DA:1664,0
DA:1676,0
DA:1677,0
DA:1678,0
DA:1679,0
DA:1680,0
DA:1681,0
DA:1685,0
DA:1686,0
DA:1687,0
DA:1688,0
DA:1689,0
DA:1690,0
DA:1694,0
DA:1695,0
DA:1696,0
DA:1697,0
DA:1701,0
DA:1702,0
DA:1703,0
DA:1704,0
DA:1708,0
DA:1709,0
DA:1710,0
DA:1711,0
DA:1712,0
DA:1716,0
DA:1718,0
DA:1721,0
DA:1739,0
DA:1740,0
DA:1741,0
DA:1742,0
DA:1743,0
DA:1744,0
DA:1745,0
DA:1746,0
DA:1747,0
DA:1748,0
DA:1749,0
DA:1750,0
DA:1751,0
DA:1752,0
DA:1756,0
DA:1757,0
DA:1758,0
DA:1759,0
DA:1760,0
DA:1761,0
DA:1762,0
DA:1763,0
DA:1764,0
DA:1765,0
DA:1766,0
DA:1767,0
DA:1768,0
DA:1772,0
DA:1773,0
DA:1774,0
DA:1775,0
DA:1776,0
DA:1777,0
DA:1778,0
DA:1779,0
DA:1780,0
DA:1781,0
DA:1785,0
DA:1786,0
DA:1787,0
DA:1788,0
DA:1789,0
DA:1790,0
DA:1791,0
DA:1792,0
DA:1793,0
DA:1794,0
DA:1798,0
DA:1799,0
DA:1800,0
DA:1801,0
DA:1802,0
DA:1803,0
DA:1804,0
DA:1805,0
DA:1806,0
DA:1807,0
DA:1808,0
DA:1812,0
DA:1814,0
DA:1817,0
DA:1832,0
DA:1833,0
DA:1834,0
DA:1835,0
DA:1836,0
DA:1837,0
DA:1838,0
DA:1843,0
DA:1844,0
DA:1845,0
DA:1846,0
DA:1847,0
DA:1848,0
DA:1851,0
DA:1894,0
DA:1937,0
DA:1971,0
DA:1991,0
DA:1996,0
DA:2001,0
DA:2010,0
DA:2012,0
DA:2013,0
DA:2014,0
DA:2017,0
DA:2021,0
DA:2022,0
DA:2023,0
DA:2027,0
DA:2032,0
DA:2040,0
DA:2041,0
DA:2046,0
DA:2047,0
DA:2048,0
DA:2050,0
DA:2051,0
DA:2053,0
DA:2054,0
DA:2056,0
DA:2057,0
DA:2059,0
DA:2060,0
DA:2062,0
DA:2064,0
DA:2069,0
DA:2070,0
DA:2071,0
DA:2072,0
DA:2073,0
DA:2077,0
DA:2078,0
DA:2079,0
DA:2080,0
LF:955
LH:0
BRDA:210,0,0,0
BRDA:210,0,1,0
BRDA:210,1,0,0
BRDA:210,1,1,0
BRDA:211,2,0,0
BRDA:211,2,1,0
BRDA:211,3,0,0
BRDA:211,3,1,0
BRDA:212,4,0,0
BRDA:212,4,1,0
BRDA:212,5,0,0
BRDA:212,5,1,0
BRDA:222,6,0,0
BRDA:222,6,1,0
BRDA:223,7,0,0
BRDA:223,7,1,0
BRDA:224,8,0,0
BRDA:224,8,1,0
BRDA:289,9,0,0
BRDA:289,9,1,0
BRDA:289,10,0,0
BRDA:289,10,1,0
BRDA:299,11,0,0
BRDA:299,11,1,0
BRDA:358,12,0,0
BRDA:358,12,1,0
BRDA:358,13,0,0
BRDA:358,13,1,0
BRDA:368,14,0,0
BRDA:368,14,1,0
BRDA:524,15,0,0
BRDA:524,15,1,0
BRDA:524,16,0,0
BRDA:524,16,1,0
BRDA:530,17,0,0
BRDA:530,17,1,0
BRDA:576,18,0,0
BRDA:623,19,0,0
BRDA:672,20,0,0
BRDA:725,21,0,0
BRDA:778,22,0,0
BRDA:827,23,0,0
BRDA:874,24,0,0
BRDA:874,24,1,0
BRDA:874,25,0,0
BRDA:874,25,1,0
BRDA:880,26,0,0
BRDA:886,27,0,0
BRDA:886,27,1,0
BRDA:951,28,0,0
BRDA:951,28,1,0
BRDA:951,29,0,0
BRDA:951,29,1,0
BRDA:953,30,0,0
BRDA:953,30,1,0
BRDA:953,31,0,0
BRDA:953,31,1,0
BRDA:959,32,0,0
BRDA:964,33,0,0
BRDA:964,33,1,0
BRDA:966,34,0,0
BRDA:966,34,1,0
BRDA:1034,35,0,0
BRDA:1284,36,0,0
BRDA:1333,37,0,0
BRDA:1386,38,0,0
BRDA:1439,39,0,0
BRDA:1490,40,0,0
BRDA:1537,41,0,0
BRDA:1584,42,0,0
BRDA:1633,43,0,0
BRDA:2047,44,0,0
BRDA:2050,45,0,0
BRDA:2050,46,0,0
BRDA:2050,46,1,0
BRDA:2050,46,2,0
BRDA:2050,46,3,0
BRDA:2053,47,0,0
BRDA:2053,48,0,0
BRDA:2053,48,1,0
BRDA:2053,48,2,0
BRDA:2053,48,3,0
BRDA:2056,49,0,0
BRDA:2059,50,0,0
BRDA:2059,51,0,0
BRDA:2059,51,1,0
BRDA:2059,51,2,0
BRDA:2059,51,3,0
BRDA:2062,52,0,0
BRF:89
BRH:0
end_of_record
TN:
SF:build\AnimalHelperToken_JettonWallet.ts
FN:31,storeDataSize
FN:32,(anonymous_1)
FN:40,loadDataSize
FN:48,loadTupleDataSize
FN:55,loadGetterTupleDataSize
FN:62,storeTupleDataSize
FN:70,dictValueParserDataSize
FN:72,(anonymous_7)
FN:75,(anonymous_8)
FN:87,storeStateInit
FN:88,(anonymous_10)
FN:95,loadStateInit
FN:102,loadTupleStateInit
FN:108,loadGetterTupleStateInit
FN:114,storeTupleStateInit
FN:121,dictValueParserStateInit
FN:123,(anonymous_16)
FN:126,(anonymous_17)
FN:140,storeContext
FN:141,(anonymous_19)
FN:150,loadContext
FN:159,loadTupleContext
FN:167,loadGetterTupleContext
FN:175,storeTupleContext
FN:184,dictValueParserContext
FN:186,(anonymous_25)
FN:189,(anonymous_26)
FN:206,storeSendParameters
FN:207,(anonymous_28)
FN:219,loadSendParameters
FN:231,loadTupleSendParameters
FN:242,loadGetterTupleSendParameters
FN:253,storeTupleSendParameters
FN:265,dictValueParserSendParameters
FN:267,(anonymous_34)
FN:270,(anonymous_35)
FN:285,storeMessageParameters
FN:286,(anonymous_37)
FN:296,loadMessageParameters
FN:306,loadTupleMessageParameters
FN:315,loadGetterTupleMessageParameters
FN:324,storeTupleMessageParameters
FN:334,dictValueParserMessageParameters
FN:336,(anonymous_43)
FN:339,(anonymous_44)
FN:354,storeDeployParameters
FN:355,(anonymous_46)
FN:365,loadDeployParameters
FN:375,loadTupleDeployParameters
FN:384,loadGetterTupleDeployParameters
FN:393,storeTupleDeployParameters
FN:403,dictValueParserDeployParameters
FN:405,(anonymous_52)
FN:408,(anonymous_53)
FN:420,storeStdAddress
FN:421,(anonymous_55)
FN:428,loadStdAddress
FN:435,loadTupleStdAddress
FN:441,loadGetterTupleStdAddress
FN:447,storeTupleStdAddress
FN:454,dictValueParserStdAddress
FN:456,(anonymous_61)
FN:459,(anonymous_62)
FN:471,storeVarAddress
FN:472,(anonymous_64)
FN:479,loadVarAddress
FN:486,loadTupleVarAddress
FN:492,loadGetterTupleVarAddress
FN:498,storeTupleVarAddress
FN:505,dictValueParserVarAddress
FN:507,(anonymous_70)
FN:510,(anonymous_71)
FN:521,storeBasechainAddress
FN:522,(anonymous_73)
FN:528,loadBasechainAddress
FN:534,loadTupleBasechainAddress
FN:539,loadGetterTupleBasechainAddress
FN:544,storeTupleBasechainAddress
FN:550,dictValueParserBasechainAddress
FN:552,(anonymous_79)
FN:555,(anonymous_80)
FN:566,storeDeploy
FN:567,(anonymous_82)
FN:574,loadDeploy
FN:581,loadTupleDeploy
FN:586,loadGetterTupleDeploy
FN:591,storeTupleDeploy
FN:597,dictValueParserDeploy
FN:599,(anonymous_88)
FN:602,(anonymous_89)
FN:613,storeDeployOk
FN:614,(anonymous_91)
FN:621,loadDeployOk
FN:628,loadTupleDeployOk
FN:633,loadGetterTupleDeployOk
FN:638,storeTupleDeployOk
FN:644,dictValueParserDeployOk
FN:646,(anonymous_97)
FN:649,(anonymous_98)
FN:661,storeFactoryDeploy
FN:662,(anonymous_100)
FN:670,loadFactoryDeploy
FN:678,loadTupleFactoryDeploy
FN:684,loadGetterTupleFactoryDeploy
FN:690,storeTupleFactoryDeploy
FN:697,dictValueParserFactoryDeploy
FN:699,(anonymous_106)
FN:702,(anonymous_107)
FN:714,storeChangeOwner
FN:715,(anonymous_109)
FN:723,loadChangeOwner
FN:731,loadTupleChangeOwner
FN:737,loadGetterTupleChangeOwner
FN:743,storeTupleChangeOwner
FN:750,dictValueParserChangeOwner
FN:752,(anonymous_115)
FN:755,(anonymous_116)
FN:767,storeChangeOwnerOk
FN:768,(anonymous_118)
FN:776,loadChangeOwnerOk
FN:784,loadTupleChangeOwnerOk
FN:790,loadGetterTupleChangeOwnerOk
FN:796,storeTupleChangeOwnerOk
FN:803,dictValueParserChangeOwnerOk
FN:805,(anonymous_124)
FN:808,(anonymous_125)
FN:818,storeGetWalletDataMessage
FN:819,(anonymous_127)
FN:825,loadGetWalletDataMessage
FN:831,loadTupleGetWalletDataMessage
FN:835,loadGetterTupleGetWalletDataMessage
FN:839,storeTupleGetWalletDataMessage
FN:844,dictValueParserGetWalletDataMessage
FN:846,(anonymous_133)
FN:849,(anonymous_134)
FN:865,storeInternalTransferMessage
FN:866,(anonymous_136)
FN:878,loadInternalTransferMessage
FN:890,loadTupleInternalTransferMessage
FN:900,loadGetterTupleInternalTransferMessage
FN:910,storeTupleInternalTransferMessage
FN:921,dictValueParserInternalTransferMessage
FN:923,(anonymous_142)
FN:926,(anonymous_143)
FN:943,storeTransferMessage
FN:944,(anonymous_145)
FN:957,loadTransferMessage
FN:970,loadTupleTransferMessage
FN:981,loadGetterTupleTransferMessage
FN:992,storeTupleTransferMessage
FN:1004,dictValueParserTransferMessage
FN:1006,(anonymous_151)
FN:1009,(anonymous_152)
FN:1022,storeBurnMessage
FN:1023,(anonymous_154)
FN:1032,loadBurnMessage
FN:1041,loadTupleBurnMessage
FN:1048,loadGetterTupleBurnMessage
FN:1055,storeTupleBurnMessage
FN:1063,dictValueParserBurnMessage
FN:1065,(anonymous_160)
FN:1068,(anonymous_161)
FN:1082,storeJettonWalletData
FN:1083,(anonymous_163)
FN:1092,loadJettonWalletData
FN:1101,loadTupleJettonWalletData
FN:1109,loadGetterTupleJettonWalletData
FN:1117,storeTupleJettonWalletData
FN:1126,dictValueParserJettonWalletData
FN:1128,(anonymous_169)
FN:1131,(anonymous_170)
FN:1144,storeJettonWallet$Data
FN:1145,(anonymous_172)
FN:1153,loadJettonWallet$Data
FN:1161,loadTupleJettonWallet$Data
FN:1168,loadGetterTupleJettonWallet$Data
FN:1175,storeTupleJettonWallet$Data
FN:1183,dictValueParserJettonWallet$Data
FN:1185,(anonymous_178)
FN:1188,(anonymous_179)
FN:1204,storeJettonData
FN:1205,(anonymous_181)
FN:1216,loadJettonData
FN:1227,loadTupleJettonData
FN:1237,loadGetterTupleJettonData
FN:1247,storeTupleJettonData
FN:1258,dictValueParserJettonData
FN:1260,(anonymous_187)
FN:1263,(anonymous_188)
FN:1274,storeGetWalletAddress
FN:1275,(anonymous_190)
FN:1282,loadGetWalletAddress
FN:1289,loadTupleGetWalletAddress
FN:1294,loadGetterTupleGetWalletAddress
FN:1299,storeTupleGetWalletAddress
FN:1305,dictValueParserGetWalletAddress
FN:1307,(anonymous_196)
FN:1310,(anonymous_197)
FN:1322,storeUpdateDistributionContractMessage
FN:1323,(anonymous_199)
FN:1331,loadUpdateDistributionContractMessage
FN:1339,loadTupleUpdateDistributionContractMessage
FN:1345,loadGetterTupleUpdateDistributionContractMessage
FN:1351,storeTupleUpdateDistributionContractMessage
FN:1358,dictValueParserUpdateDistributionContractMessage
FN:1360,(anonymous_205)
FN:1363,(anonymous_206)
FN:1375,storeUpdateNFTContractMessage
FN:1376,(anonymous_208)
FN:1384,loadUpdateNFTContractMessage
FN:1392,loadTupleUpdateNFTContractMessage
FN:1398,loadGetterTupleUpdateNFTContractMessage
FN:1404,storeTupleUpdateNFTContractMessage
FN:1411,dictValueParserUpdateNFTContractMessage
FN:1413,(anonymous_214)
FN:1416,(anonymous_215)
FN:1428,storeUpdateContentMessage
FN:1429,(anonymous_217)
FN:1437,loadUpdateContentMessage
FN:1445,loadTupleUpdateContentMessage
FN:1451,loadGetterTupleUpdateContentMessage
FN:1457,storeTupleUpdateContentMessage
FN:1464,dictValueParserUpdateContentMessage
FN:1466,(anonymous_223)
FN:1469,(anonymous_224)
FN:1480,storeBuyTokensMessage
FN:1481,(anonymous_226)
FN:1488,loadBuyTokensMessage
FN:1495,loadTupleBuyTokensMessage
FN:1500,loadGetterTupleBuyTokensMessage
FN:1505,storeTupleBuyTokensMessage
FN:1511,dictValueParserBuyTokensMessage
FN:1513,(anonymous_232)
FN:1516,(anonymous_233)
FN:1527,storeToggleMintingMessage
FN:1528,(anonymous_235)
FN:1535,loadToggleMintingMessage
FN:1542,loadTupleToggleMintingMessage
FN:1547,loadGetterTupleToggleMintingMessage
FN:1552,storeTupleToggleMintingMessage
FN:1558,dictValueParserToggleMintingMessage
FN:1560,(anonymous_241)
FN:1563,(anonymous_242)
FN:1574,storeEmergencyWithdrawMessage
FN:1575,(anonymous_244)
FN:1582,loadEmergencyWithdrawMessage
FN:1589,loadTupleEmergencyWithdrawMessage
FN:1594,loadGetterTupleEmergencyWithdrawMessage
FN:1599,storeTupleEmergencyWithdrawMessage
FN:1605,dictValueParserEmergencyWithdrawMessage
FN:1607,(anonymous_250)
FN:1610,(anonymous_251)
FN:1622,storeUpdateTokenRateMessage
FN:1623,(anonymous_253)
FN:1631,loadUpdateTokenRateMessage
FN:1639,loadTupleUpdateTokenRateMessage
FN:1645,loadGetterTupleUpdateTokenRateMessage
FN:1651,storeTupleUpdateTokenRateMessage
FN:1658,dictValueParserUpdateTokenRateMessage
FN:1660,(anonymous_259)
FN:1663,(anonymous_260)
FN:1676,storeAdminParams
FN:1677,(anonymous_262)
FN:1685,loadAdminParams
FN:1693,loadTupleAdminParams
FN:1700,loadGetterTupleAdminParams
FN:1707,storeTupleAdminParams
FN:1715,dictValueParserAdminParams
FN:1717,(anonymous_268)
FN:1720,(anonymous_269)
FN:1739,storeAnimalHelperToken$Data
FN:1740,(anonymous_271)
FN:1756,loadAnimalHelperToken$Data
FN:1771,loadTupleAnimalHelperToken$Data
FN:1784,loadGetterTupleAnimalHelperToken$Data
FN:1797,storeTupleAnimalHelperToken$Data
FN:1811,dictValueParserAnimalHelperToken$Data
FN:1813,(anonymous_277)
FN:1816,(anonymous_278)
FN:1828,initJettonWallet_init_args
FN:1829,(anonymous_280)
FN:1836,JettonWallet_init
FN:2007,(anonymous_282)
FN:2011,(anonymous_283)
FN:2017,(anonymous_284)
FN:2030,(anonymous_285)
FN:2035,(anonymous_286)
FN:2056,(anonymous_287)
FNF:288
FNH:0
FNDA:0,storeDataSize
FNDA:0,(anonymous_1)
FNDA:0,loadDataSize
FNDA:0,loadTupleDataSize
FNDA:0,loadGetterTupleDataSize
FNDA:0,storeTupleDataSize
FNDA:0,dictValueParserDataSize
FNDA:0,(anonymous_7)
FNDA:0,(anonymous_8)
FNDA:0,storeStateInit
FNDA:0,(anonymous_10)
FNDA:0,loadStateInit
FNDA:0,loadTupleStateInit
FNDA:0,loadGetterTupleStateInit
FNDA:0,storeTupleStateInit
FNDA:0,dictValueParserStateInit
FNDA:0,(anonymous_16)
FNDA:0,(anonymous_17)
FNDA:0,storeContext
FNDA:0,(anonymous_19)
FNDA:0,loadContext
FNDA:0,loadTupleContext
FNDA:0,loadGetterTupleContext
FNDA:0,storeTupleContext
FNDA:0,dictValueParserContext
FNDA:0,(anonymous_25)
FNDA:0,(anonymous_26)
FNDA:0,storeSendParameters
FNDA:0,(anonymous_28)
FNDA:0,loadSendParameters
FNDA:0,loadTupleSendParameters
FNDA:0,loadGetterTupleSendParameters
FNDA:0,storeTupleSendParameters
FNDA:0,dictValueParserSendParameters
FNDA:0,(anonymous_34)
FNDA:0,(anonymous_35)
FNDA:0,storeMessageParameters
FNDA:0,(anonymous_37)
FNDA:0,loadMessageParameters
FNDA:0,loadTupleMessageParameters
FNDA:0,loadGetterTupleMessageParameters
FNDA:0,storeTupleMessageParameters
FNDA:0,dictValueParserMessageParameters
FNDA:0,(anonymous_43)
FNDA:0,(anonymous_44)
FNDA:0,storeDeployParameters
FNDA:0,(anonymous_46)
FNDA:0,loadDeployParameters
FNDA:0,loadTupleDeployParameters
FNDA:0,loadGetterTupleDeployParameters
FNDA:0,storeTupleDeployParameters
FNDA:0,dictValueParserDeployParameters
FNDA:0,(anonymous_52)
FNDA:0,(anonymous_53)
FNDA:0,storeStdAddress
FNDA:0,(anonymous_55)
FNDA:0,loadStdAddress
FNDA:0,loadTupleStdAddress
FNDA:0,loadGetterTupleStdAddress
FNDA:0,storeTupleStdAddress
FNDA:0,dictValueParserStdAddress
FNDA:0,(anonymous_61)
FNDA:0,(anonymous_62)
FNDA:0,storeVarAddress
FNDA:0,(anonymous_64)
FNDA:0,loadVarAddress
FNDA:0,loadTupleVarAddress
FNDA:0,loadGetterTupleVarAddress
FNDA:0,storeTupleVarAddress
FNDA:0,dictValueParserVarAddress
FNDA:0,(anonymous_70)
FNDA:0,(anonymous_71)
FNDA:0,storeBasechainAddress
FNDA:0,(anonymous_73)
FNDA:0,loadBasechainAddress
FNDA:0,loadTupleBasechainAddress
FNDA:0,loadGetterTupleBasechainAddress
FNDA:0,storeTupleBasechainAddress
FNDA:0,dictValueParserBasechainAddress
FNDA:0,(anonymous_79)
FNDA:0,(anonymous_80)
FNDA:0,storeDeploy
FNDA:0,(anonymous_82)
FNDA:0,loadDeploy
FNDA:0,loadTupleDeploy
FNDA:0,loadGetterTupleDeploy
FNDA:0,storeTupleDeploy
FNDA:0,dictValueParserDeploy
FNDA:0,(anonymous_88)
FNDA:0,(anonymous_89)
FNDA:0,storeDeployOk
FNDA:0,(anonymous_91)
FNDA:0,loadDeployOk
FNDA:0,loadTupleDeployOk
FNDA:0,loadGetterTupleDeployOk
FNDA:0,storeTupleDeployOk
FNDA:0,dictValueParserDeployOk
FNDA:0,(anonymous_97)
FNDA:0,(anonymous_98)
FNDA:0,storeFactoryDeploy
FNDA:0,(anonymous_100)
FNDA:0,loadFactoryDeploy
FNDA:0,loadTupleFactoryDeploy
FNDA:0,loadGetterTupleFactoryDeploy
FNDA:0,storeTupleFactoryDeploy
FNDA:0,dictValueParserFactoryDeploy
FNDA:0,(anonymous_106)
FNDA:0,(anonymous_107)
FNDA:0,storeChangeOwner
FNDA:0,(anonymous_109)
FNDA:0,loadChangeOwner
FNDA:0,loadTupleChangeOwner
FNDA:0,loadGetterTupleChangeOwner
FNDA:0,storeTupleChangeOwner
FNDA:0,dictValueParserChangeOwner
[...]
FNDA:0,(anonymous_197)
FNDA:0,storeUpdateRate
FNDA:0,(anonymous_199)
FNDA:0,loadUpdateRate
FNDA:0,loadTupleUpdateRate
FNDA:0,loadGetterTupleUpdateRate
FNDA:0,storeTupleUpdateRate
FNDA:0,dictValueParserUpdateRate
FNDA:0,(anonymous_205)
FNDA:0,(anonymous_206)
FNDA:0,storeTokenSale$Data
FNDA:0,(anonymous_208)
FNDA:0,loadTokenSale$Data
FNDA:0,loadTupleTokenSale$Data
FNDA:0,loadGetterTupleTokenSale$Data
FNDA:0,storeTupleTokenSale$Data
FNDA:0,dictValueParserTokenSale$Data
FNDA:0,(anonymous_214)
FNDA:0,(anonymous_215)
FNDA:0,storeSaleData
FNDA:0,(anonymous_217)
FNDA:0,loadSaleData
FNDA:0,loadTupleSaleData
FNDA:0,loadGetterTupleSaleData
FNDA:0,storeTupleSaleData
FNDA:0,dictValueParserSaleData
FNDA:0,(anonymous_223)
FNDA:0,(anonymous_224)
FNDA:0,initTokenSale_init_args
FNDA:0,(anonymous_226)
FNDA:0,TokenSale_init
FNDA:0,(anonymous_228)
FNDA:0,(anonymous_229)
FNDA:0,(anonymous_230)
FNDA:0,(anonymous_231)
FNDA:0,(anonymous_232)
FNDA:0,(anonymous_233)
FNDA:0,(anonymous_234)
DA:1,0
DA:31,0
DA:32,0
DA:33,0
DA:34,0
DA:35,0
DA:36,0
DA:40,0
DA:41,0
DA:42,0
DA:43,0
DA:44,0
DA:45,0
DA:49,0
DA:50,0
DA:51,0
DA:52,0
DA:56,0
DA:57,0
DA:58,0
DA:59,0
DA:63,0
DA:64,0
DA:65,0
DA:66,0
DA:67,0
DA:71,0
DA:73,0
DA:76,0
DA:87,0
DA:88,0
DA:89,0
DA:90,0
DA:91,0
DA:95,0
DA:96,0
DA:97,0
DA:98,0
DA:99,0
DA:103,0
DA:104,0
DA:105,0
DA:109,0
DA:110,0
DA:111,0
DA:115,0
DA:116,0
DA:117,0
DA:118,0
DA:122,0
DA:124,0
DA:127,0
DA:140,0
DA:141,0
DA:142,0
DA:143,0
DA:144,0
DA:145,0
DA:146,0
DA:150,0
DA:151,0
DA:152,0
DA:153,0
DA:154,0
DA:155,0
DA:156,0
DA:160,0
DA:161,0
DA:162,0
DA:163,0
DA:164,0
DA:168,0
DA:169,0
DA:170,0
DA:171,0
DA:172,0
DA:176,0
DA:177,0
DA:178,0
DA:179,0
DA:180,0
DA:181,0
DA:185,0
DA:187,0
DA:190,0
DA:206,0
DA:207,0
DA:208,0
DA:209,0
DA:210,0
DA:211,0
DA:212,0
DA:213,0
DA:214,0
DA:215,0
DA:219,0
DA:220,0
DA:221,0
DA:222,0
DA:223,0
DA:224,0
DA:225,0
DA:226,0
DA:227,0
DA:228,0
DA:232,0
DA:233,0
DA:234,0
DA:235,0
DA:236,0
DA:237,0
DA:238,0
DA:239,0
DA:243,0
DA:244,0
DA:245,0
DA:246,0
DA:247,0
DA:248,0
DA:249,0
DA:250,0
DA:254,0
DA:255,0
DA:256,0
DA:257,0
DA:258,0
DA:259,0
DA:260,0
DA:261,0
DA:262,0
DA:266,0
DA:268,0
DA:271,0
DA:285,0
DA:286,0
DA:287,0
DA:288,0
DA:289,0
DA:290,0
DA:291,0
DA:292,0
DA:296,0
DA:297,0
DA:298,0
DA:299,0
DA:300,0
DA:301,0
DA:302,0
DA:303,0
DA:307,0
DA:308,0
DA:309,0
DA:310,0
DA:311,0
DA:312,0
DA:316,0
DA:317,0
DA:318,0
DA:319,0
DA:320,0
DA:321,0
DA:325,0
DA:326,0
DA:327,0
DA:328,0
DA:329,0
DA:330,0
DA:331,0
DA:335,0
DA:337,0
DA:340,0
DA:354,0
DA:355,0
DA:356,0
DA:357,0
DA:358,0
DA:359,0
DA:360,0
DA:361,0
DA:365,0
DA:366,0
DA:367,0
DA:368,0
DA:369,0
DA:370,0
DA:371,0
DA:372,0
DA:376,0
DA:377,0
DA:378,0
DA:379,0
DA:380,0
DA:381,0
DA:385,0
DA:386,0
DA:387,0
DA:388,0
DA:389,0
DA:390,0
DA:394,0
DA:395,0
DA:396,0
DA:397,0
DA:398,0
DA:399,0
DA:400,0
DA:404,0
DA:406,0
DA:409,0
DA:420,0
DA:421,0
DA:422,0
DA:423,0
DA:424,0
DA:428,0
DA:429,0
DA:430,0
DA:431,0
DA:432,0
DA:436,0
DA:437,0
DA:438,0
DA:442,0
DA:443,0
DA:444,0
DA:448,0
DA:449,0
DA:450,0
DA:451,0
DA:455,0
DA:457,0
DA:460,0
DA:471,0
DA:472,0
DA:473,0
DA:474,0
DA:475,0
DA:479,0
DA:480,0
DA:481,0
DA:482,0
DA:483,0
DA:487,0
DA:488,0
DA:489,0
DA:493,0
DA:494,0
DA:495,0
DA:499,0
DA:500,0
DA:501,0
DA:502,0
DA:506,0
DA:508,0
DA:511,0
DA:521,0
DA:522,0
DA:523,0
DA:524,0
DA:528,0
DA:529,0
DA:530,0
DA:531,0
DA:535,0
DA:536,0
DA:540,0
DA:541,0
DA:545,0
DA:546,0
DA:547,0
DA:551,0
DA:553,0
DA:556,0
DA:566,0
DA:567,0
DA:568,0
DA:569,0
DA:570,0
DA:574,0
DA:575,0
DA:576,0
DA:577,0
DA:578,0
DA:582,0
DA:583,0
DA:587,0
DA:588,0
DA:592,0
DA:593,0
DA:594,0
DA:598,0
DA:600,0
DA:603,0
DA:613,0
DA:614,0
DA:615,0
DA:616,0
DA:617,0
DA:621,0
DA:622,0
DA:623,0
DA:624,0
DA:625,0
DA:629,0
DA:630,0
DA:634,0
DA:635,0
DA:639,0
DA:640,0
DA:641,0
DA:645,0
DA:647,0
DA:650,0
DA:661,0
DA:662,0
DA:663,0
DA:664,0
DA:665,0
DA:666,0
DA:670,0
DA:671,0
DA:672,0
DA:673,0
DA:674,0
DA:675,0
DA:679,0
DA:680,0
DA:681,0
DA:685,0
DA:686,0
DA:687,0
DA:691,0
DA:692,0
DA:693,0
DA:694,0
DA:698,0
DA:700,0
DA:703,0
DA:714,0
DA:715,0
DA:716,0
DA:717,0
DA:718,0
DA:719,0
DA:723,0
DA:724,0
DA:725,0
DA:726,0
DA:727,0
DA:728,0
DA:732,0
DA:733,0
DA:734,0
DA:738,0
DA:739,0
DA:740,0
DA:744,0
DA:745,0
DA:746,0
DA:747,0
DA:751,0
DA:753,0
DA:756,0
DA:767,0
DA:768,0
DA:769,0
DA:770,0
DA:771,0
DA:772,0
DA:776,0
DA:777,0
DA:778,0
DA:779,0
DA:780,0
DA:781,0
DA:785,0
DA:786,0
DA:787,0
DA:791,0
DA:792,0
DA:793,0
DA:797,0
DA:798,0
DA:799,0
DA:800,0
DA:804,0
DA:806,0
DA:809,0
DA:818,0
DA:819,0
DA:820,0
DA:821,0
DA:825,0
DA:826,0
DA:827,0
DA:828,0
DA:832,0
DA:836,0
DA:840,0
DA:841,0
DA:845,0
DA:847,0
DA:850,0
DA:865,0
DA:866,0
DA:867,0
DA:868,0
DA:869,0
DA:870,0
DA:871,0
DA:872,0
DA:873,0
DA:874,0
DA:878,0
DA:879,0
DA:880,0
DA:881,0
DA:882,0
DA:883,0
DA:884,0
DA:885,0
DA:886,0
DA:887,0
DA:891,0
DA:892,0
DA:893,0
DA:894,0
DA:895,0
DA:896,0
DA:897,0
DA:901,0
DA:902,0
DA:903,0
DA:904,0
DA:905,0
DA:906,0
DA:907,0
DA:911,0
DA:912,0
DA:913,0
DA:914,0
DA:915,0
DA:916,0
DA:917,0
DA:918,0
DA:922,0
DA:924,0
DA:927,0
DA:943,0
DA:944,0
DA:945,0
DA:946,0
DA:947,0
DA:948,0
DA:949,0
DA:950,0
DA:951,0
DA:952,0
DA:953,0
DA:957,0
DA:958,0
DA:959,0
DA:960,0
DA:961,0
DA:962,0
DA:963,0
DA:964,0
DA:965,0
DA:966,0
DA:967,0
DA:971,0
DA:972,0
DA:973,0
DA:974,0
DA:975,0
DA:976,0
DA:977,0
DA:978,0
DA:982,0
DA:983,0
DA:984,0
DA:985,0
DA:986,0
DA:987,0
DA:988,0
DA:989,0
DA:993,0
DA:994,0
DA:995,0
DA:996,0
DA:997,0
DA:998,0
DA:999,0
DA:1000,0
DA:1001,0
DA:1005,0
DA:1007,0
DA:1010,0
DA:1022,0
DA:1023,0
DA:1024,0
DA:1025,0
DA:1026,0
DA:1027,0
DA:1028,0
DA:1032,0
DA:1033,0
DA:1034,0
DA:1035,0
DA:1036,0
DA:1037,0
DA:1038,0
DA:1042,0
DA:1043,0
DA:1044,0
DA:1045,0
DA:1049,0
DA:1050,0
DA:1051,0
DA:1052,0
DA:1056,0
DA:1057,0
DA:1058,0
DA:1059,0
DA:1060,0
DA:1064,0
DA:1066,0
DA:1069,0
DA:1082,0
DA:1083,0
DA:1084,0
DA:1085,0
DA:1086,0
DA:1087,0
DA:1088,0
DA:1092,0
DA:1093,0
DA:1094,0
DA:1095,0
DA:1096,0
DA:1097,0
DA:1098,0
DA:1102,0
DA:1103,0
DA:1104,0
DA:1105,0
DA:1106,0
DA:1110,0
DA:1111,0
DA:1112,0
DA:1113,0
DA:1114,0
DA:1118,0
DA:1119,0
DA:1120,0
DA:1121,0
DA:1122,0
DA:1123,0
DA:1127,0
DA:1129,0
DA:1132,0
DA:1144,0
DA:1145,0
DA:1146,0
DA:1147,0
DA:1148,0
DA:1149,0
DA:1153,0
DA:1154,0
DA:1155,0
DA:1156,0
DA:1157,0
DA:1158,0
DA:1162,0
DA:1163,0
DA:1164,0
DA:1165,0
DA:1169,0
DA:1170,0
DA:1171,0
DA:1172,0
DA:1176,0
DA:1177,0
DA:1178,0
DA:1179,0
DA:1180,0
DA:1184,0
DA:1186,0
DA:1189,0
DA:1198,0
DA:1199,0
DA:1200,0
DA:1201,0
DA:1205,0
DA:1206,0
DA:1207,0
DA:1208,0
DA:1212,0
DA:1216,0
DA:1220,0
DA:1221,0
DA:1225,0
DA:1227,0
DA:1230,0
DA:1240,0
DA:1241,0
DA:1242,0
DA:1243,0
DA:1244,0
DA:1248,0
DA:1249,0
DA:1250,0
DA:1251,0
DA:1252,0
DA:1256,0
DA:1257,0
DA:1261,0
DA:1262,0
DA:1266,0
DA:1267,0
DA:1268,0
DA:1272,0
DA:1274,0
DA:1277,0
DA:1288,0
DA:1289,0
DA:1290,0
DA:1291,0
DA:1292,0
DA:1293,0
DA:1297,0
DA:1298,0
DA:1299,0
DA:1300,0
DA:1301,0
DA:1302,0
DA:1306,0
DA:1307,0
DA:1308,0
DA:1312,0
DA:1313,0
DA:1314,0
DA:1318,0
DA:1319,0
DA:1320,0
DA:1321,0
DA:1325,0
DA:1327,0
DA:1330,0
DA:1345,0
DA:1346,0
DA:1347,0
DA:1348,0
DA:1349,0
DA:1350,0
DA:1351,0
DA:1352,0
DA:1353,0
DA:1354,0
DA:1355,0
DA:1359,0
DA:1360,0
DA:1361,0
DA:1362,0
DA:1363,0
DA:1364,0
DA:1365,0
DA:1366,0
DA:1367,0
DA:1368,0
DA:1372,0
DA:1373,0
DA:1374,0
DA:1375,0
DA:1376,0
DA:1377,0
DA:1378,0
DA:1382,0
DA:1383,0
DA:1384,0
DA:1385,0
DA:1386,0
DA:1387,0
DA:1388,0
DA:1392,0
DA:1393,0
DA:1394,0
DA:1395,0
DA:1396,0
DA:1397,0
DA:1398,0
DA:1399,0
DA:1403,0
DA:1405,0
DA:1408,0
DA:1421,0
DA:1422,0
DA:1423,0
DA:1424,0
DA:1425,0
DA:1426,0
DA:1427,0
DA:1431,0
DA:1432,0
DA:1433,0
DA:1434,0
DA:1435,0
DA:1436,0
DA:1437,0
DA:1441,0
DA:1442,0
DA:1443,0
DA:1444,0
DA:1445,0
DA:1449,0
DA:1450,0
DA:1451,0
DA:1452,0
DA:1453,0
DA:1457,0
DA:1458,0
DA:1459,0
DA:1460,0
DA:1461,0
DA:1462,0
DA:1466,0
DA:1468,0
DA:1471,0
DA:1486,0
DA:1487,0
DA:1488,0
DA:1489,0
DA:1490,0
DA:1491,0
DA:1492,0
DA:1493,0
DA:1494,0
DA:1499,0
DA:1500,0
DA:1501,0
DA:1502,0
DA:1503,0
DA:1504,0
DA:1507,0
DA:1553,0
DA:1599,0
DA:1627,0
DA:1642,0
DA:1647,0
DA:1652,0
DA:1661,0
DA:1663,0
DA:1664,0
DA:1665,0
DA:1668,0
DA:1672,0
DA:1673,0
DA:1674,0
DA:1678,0
DA:1683,0
DA:1691,0
DA:1692,0
DA:1697,0
DA:1698,0
DA:1699,0
DA:1701,0
DA:1702,0
DA:1704,0
DA:1705,0
DA:1707,0
DA:1708,0
DA:1710,0
DA:1711,0
DA:1713,0
DA:1715,0
DA:1720,0
DA:1721,0
DA:1722,0
DA:1723,0
DA:1727,0
DA:1728,0
DA:1729,0
DA:1730,0
LF:783
LH:0
BRDA:210,0,0,0
BRDA:210,0,1,0
BRDA:210,1,0,0
BRDA:210,1,1,0
BRDA:211,2,0,0
BRDA:211,2,1,0
BRDA:211,3,0,0
BRDA:211,3,1,0
BRDA:212,4,0,0
BRDA:212,4,1,0
BRDA:212,5,0,0
BRDA:212,5,1,0
BRDA:222,6,0,0
BRDA:222,6,1,0
BRDA:223,7,0,0
BRDA:223,7,1,0
BRDA:224,8,0,0
BRDA:224,8,1,0
BRDA:289,9,0,0
BRDA:289,9,1,0
BRDA:289,10,0,0
BRDA:289,10,1,0
BRDA:299,11,0,0
BRDA:299,11,1,0
BRDA:358,12,0,0
BRDA:358,12,1,0
BRDA:358,13,0,0
BRDA:358,13,1,0
BRDA:368,14,0,0
BRDA:368,14,1,0
BRDA:524,15,0,0
BRDA:524,15,1,0
BRDA:524,16,0,0
BRDA:524,16,1,0
BRDA:530,17,0,0
BRDA:530,17,1,0
BRDA:576,18,0,0
BRDA:623,19,0,0
BRDA:672,20,0,0
BRDA:725,21,0,0
BRDA:778,22,0,0
BRDA:827,23,0,0
BRDA:874,24,0,0
BRDA:874,24,1,0
BRDA:874,25,0,0
BRDA:874,25,1,0
BRDA:880,26,0,0
BRDA:886,27,0,0
BRDA:886,27,1,0
BRDA:951,28,0,0
BRDA:951,28,1,0
BRDA:951,29,0,0
BRDA:951,29,1,0
BRDA:953,30,0,0
BRDA:953,30,1,0
BRDA:953,31,0,0
BRDA:953,31,1,0
BRDA:959,32,0,0
BRDA:964,33,0,0
BRDA:964,33,1,0
BRDA:966,34,0,0
BRDA:966,34,1,0
BRDA:1034,35,0,0
BRDA:1207,36,0,0
BRDA:1250,37,0,0
BRDA:1299,38,0,0
BRDA:1698,39,0,0
BRDA:1698,40,0,0
BRDA:1698,40,1,0
BRDA:1698,40,2,0
BRDA:1698,40,3,0
BRDA:1701,41,0,0
BRDA:1704,42,0,0
BRDA:1704,43,0,0
BRDA:1704,43,1,0
BRDA:1704,43,2,0
BRDA:1704,43,3,0
BRDA:1707,44,0,0
BRDA:1707,45,0,0
BRDA:1707,45,1,0
BRDA:1707,45,2,0
BRDA:1707,45,3,0
BRDA:1710,46,0,0
BRDA:1710,47,0,0
BRDA:1710,47,1,0
BRDA:1710,47,2,0
BRDA:1710,47,3,0
BRDA:1713,48,0,0
BRF:88
BRH:0
end_of_record
TN:
SF:scripts\deploy-full.ts
FN:44,waitSeqno
FN:46,(anonymous_11)
FN:57,deployContract
FN:85,sendMessage
FN:101,main
FN:170,(anonymous_15)
FN:218,(anonymous_16)
FNF:7
FNH:0
FNDA:0,waitSeqno
FNDA:0,(anonymous_11)
FNDA:0,deployContract
FNDA:0,sendMessage
FNDA:0,main
FNDA:0,(anonymous_15)
FNDA:0,(anonymous_16)
DA:1,0
DA:2,0
DA:3,0
DA:4,0
DA:5,0
DA:6,0
DA:7,0
DA:10,0
DA:11,0
DA:12,0
DA:13,0
DA:14,0
DA:15,0
DA:16,0
DA:20,0
DA:23,0
DA:24,0
DA:25,0
DA:26,0
DA:27,0
DA:29,0
DA:30,0
DA:32,0
DA:38,0
DA:39,0
DA:40,0
DA:41,0
DA:42,0
DA:45,0
DA:46,0
DA:47,0
DA:48,0
DA:49,0
DA:50,0
DA:52,0
DA:54,0
DA:65,0
DA:66,0
DA:68,0
DA:81,0
DA:82,0
DA:92,0
DA:93,0
DA:98,0
DA:102,0
DA:103,0
DA:104,0
DA:107,0
DA:108,0
DA:109,0
DA:110,0
DA:112,0
DA:113,0
DA:114,0
DA:115,0
DA:119,0
DA:122,0
DA:123,0
DA:125,0
DA:128,0
DA:129,0
DA:130,0
DA:133,0
DA:142,0
DA:143,0
DA:146,0
DA:147,0
DA:156,0
DA:157,0
DA:158,0
DA:159,0
DA:160,0
DA:161,0
DA:164,0
DA:167,0
DA:170,0
DA:171,0
DA:179,0
DA:180,0
DA:181,0
DA:182,0
DA:183,0
DA:186,0
DA:189,0
DA:190,0
DA:191,0
DA:194,0
DA:197,0
DA:201,0
DA:203,0
DA:204,0
DA:205,0
DA:206,0
DA:207,0
DA:208,0
DA:209,0
DA:210,0
DA:211,0
DA:214,0
DA:215,0
DA:218,0
DA:219,0
DA:220,0
LF:103
LH:0
BRDA:23,0,0,0
BRDA:23,0,1,0
BRDA:24,1,0,0
BRDA:24,1,1,0
BRDA:25,2,0,0
BRDA:25,2,1,0
BRDA:26,3,0,0
BRDA:26,3,1,0
BRDA:27,4,0,0
BRDA:27,4,1,0
BRDA:29,5,0,0
BRDA:29,5,1,0
BRDA:30,6,0,0
BRDA:30,6,1,0
BRDA:48,7,0,0
BRDA:103,8,0,0
BRDA:114,9,0,0
BRF:17
BRH:0
end_of_record
TN:
SF:scripts\deploy-mainnet.ts
FN:32,validateEnvironmentVariables
FN:67,waitSeqno
FN:69,(anonymous_12)
FN:80,deployContract
FN:117,sendMessage
FN:145,main
FN:232,(anonymous_16)
FN:248,(anonymous_17)
FN:293,(anonymous_18)
FNF:9
FNH:0
FNDA:0,validateEnvironmentVariables
FNDA:0,waitSeqno
FNDA:0,(anonymous_12)
FNDA:0,deployContract
FNDA:0,sendMessage
FNDA:0,main
FNDA:0,(anonymous_16)
FNDA:0,(anonymous_17)
FNDA:0,(anonymous_18)
DA:1,0
DA:2,0
DA:3,0
DA:4,0
DA:5,0
DA:6,0
DA:7,0
DA:10,0
DA:11,0
DA:12,0
DA:13,0
DA:14,0
DA:15,0
DA:16,0
DA:19,0
DA:22,0
DA:23,0
DA:24,0
DA:25,0
DA:26,0
DA:27,0
DA:28,0
DA:29,0
DA:33,0
DA:38,0
DA:39,0
DA:40,0
DA:44,0
DA:45,0
DA:48,0
DA:49,0
DA:52,0
DA:55,0
DA:61,0
DA:62,0
DA:63,0
DA:64,0
DA:65,0
DA:68,0
DA:69,0
DA:70,0
DA:71,0
DA:72,0
DA:73,0
DA:75,0
DA:77,0
DA:89,0
DA:90,0
DA:91,0
DA:93,0
DA:94,0
DA:95,0
DA:98,0
DA:100,0
DA:113,0
DA:114,0
DA:126,0
DA:127,0
DA:128,0
DA:130,0
DA:131,0
DA:132,0
DA:135,0
DA:136,0
DA:141,0
DA:142,0
DA:146,0
DA:149,0
DA:150,0
DA:151,0
DA:155,0
DA:157,0
DA:158,0
DA:161,0
DA:162,0
DA:163,0
DA:164,0
DA:166,0
DA:167,0
DA:169,0
DA:170,0
DA:171,0
DA:175,0
DA:178,0
DA:179,0
DA:181,0
DA:182,0
DA:183,0
DA:184,0
DA:185,0
DA:188,0
DA:189,0
DA:190,0
DA:192,0
DA:201,0
DA:202,0
DA:205,0
DA:206,0
DA:215,0
DA:216,0
DA:217,0
DA:218,0
DA:219,0
DA:220,0
DA:221,0
DA:222,0
DA:225,0
DA:226,0
DA:228,0
DA:229,0
DA:230,0
DA:231,0
DA:232,0
DA:236,0
DA:237,0
DA:238,0
DA:239,0
DA:240,0
DA:241,0
DA:242,0
DA:244,0
DA:246,0
DA:248,0
DA:249,0
DA:256,0
DA:257,0
DA:258,0
DA:259,0
DA:261,0
DA:262,0
DA:263,0
DA:266,0
DA:268,0
DA:272,0
DA:274,0
DA:276,0
DA:277,0
DA:278,0
DA:279,0
DA:280,0
DA:281,0
DA:282,0
DA:283,0
DA:284,0
DA:285,0
DA:286,0
DA:288,0
DA:289,0
DA:293,0
DA:294,0
DA:295,0
LF:151
LH:0
BRDA:29,0,0,0
BRDA:29,0,1,0
BRDA:39,1,0,0
BRDA:44,2,0,0
BRDA:48,3,0,0
BRDA:64,4,0,0
BRDA:64,4,1,0
BRDA:65,5,0,0
BRDA:65,5,1,0
BRDA:71,6,0,0
BRDA:87,7,0,0
BRDA:89,8,0,0
BRDA:89,8,1,0
BRDA:93,9,0,0
BRDA:123,10,0,0
BRDA:124,11,0,0
BRDA:126,12,0,0
BRDA:126,12,1,0
BRDA:130,13,0,0
BRDA:150,14,0,0
BRDA:157,15,0,0
BRDA:170,16,0,0
BRDA:228,17,0,0
BRDA:244,18,0,0
BRDA:244,18,1,0
BRF:25
BRH:0
end_of_record
TN:
SF:scripts\monitor.ts
FN:36,loadDeployInfo
FN:50,initTonClient
FN:58,logWithTimestamp
FN:68,getTransactions
FN:91,getBalance
FN:103,checkNewTransactions
FN:139,(anonymous_7)
FN:158,downloadVisualizer
FN:173,getContractsState
FN:201,monitor
FN:214,(anonymous_11)
FNF:11
FNH:0
FNDA:0,loadDeployInfo
FNDA:0,initTonClient
FNDA:0,logWithTimestamp
FNDA:0,getTransactions
FNDA:0,getBalance
FNDA:0,checkNewTransactions
FNDA:0,(anonymous_7)
FNDA:0,downloadVisualizer
FNDA:0,getContractsState
FNDA:0,monitor
FNDA:0,(anonymous_11)
DA:1,0
DA:2,0
DA:3,0
DA:4,0
DA:5,0
DA:6,0
DA:7,0
DA:8,0
DA:9,0
DA:12,0
DA:13,0
DA:16,0
DA:17,0
DA:18,0
DA:22,0
DA:27,0
DA:30,0
DA:33,0
DA:37,0
DA:41,0
DA:42,0
DA:45,0
DA:46,0
DA:51,0
DA:59,0
DA:60,0
DA:61,0
DA:63,0
DA:64,0
DA:69,0
DA:70,0
DA:71,0
DA:78,0
DA:79,0
DA:81,0
DA:82,0
DA:85,0
DA:86,0
DA:92,0
DA:93,0
DA:94,0
DA:95,0
DA:97,0
DA:98,0
DA:104,0
DA:106,0
DA:107,0
DA:108,0
DA:109,0
DA:113,0
DA:114,0
DA:117,0
DA:118,0
DA:120,0
DA:122,0
DA:123,0
DA:126,0
DA:127,0
DA:130,0
DA:133,0
DA:134,0
DA:138,0
DA:139,0
DA:140,0
DA:141,0
DA:142,0
DA:147,0
DA:148,0
DA:154,0
DA:159,0
DA:160,0
DA:161,0
DA:163,0
DA:164,0
DA:165,0
DA:166,0
DA:168,0
DA:174,0
DA:177,0
DA:178,0
DA:181,0
DA:182,0
DA:185,0
DA:186,0
DA:189,0
DA:190,0
DA:191,0
DA:192,0
DA:193,0
DA:197,0
DA:202,0
DA:203,0
DA:204,0
DA:207,0
DA:208,0
DA:211,0
DA:214,0
DA:215,0
DA:217,0
DA:220,0
DA:223,0
DA:224,0
DA:225,0
DA:228,0
DA:233,0
DA:236,0
DA:238,0
DA:239,0
DA:244,0
LF:109
LH:0
BRDA:12,0,0,0
BRDA:12,0,1,0
BRDA:17,1,0,0
BRDA:22,2,0,0
BRDA:22,2,1,0
BRDA:37,3,0,0
BRDA:37,3,1,0
BRDA:41,4,0,0
BRDA:58,5,0,0
BRDA:60,6,0,0
BRDA:60,6,1,0
BRDA:60,7,0,0
BRDA:60,7,1,0
BRDA:68,8,0,0
BRDA:74,9,0,0
BRDA:74,9,1,0
BRDA:78,10,0,0
BRDA:78,10,1,0
BRDA:78,11,0,0
BRDA:78,11,1,0
BRDA:78,11,2,0
BRDA:107,12,0,0
BRDA:113,13,0,0
BRDA:113,13,1,0
BRDA:120,14,0,0
BRDA:122,15,0,0
BRDA:122,15,1,0
BRDA:123,16,0,0
BRDA:123,16,1,0
BRDA:126,17,0,0
BRDA:126,17,1,0
BRDA:130,18,0,0
BRDA:130,18,1,0
BRDA:133,19,0,0
BRDA:134,20,0,0
BRDA:134,20,1,0
BRDA:138,21,0,0
BRDA:140,22,0,0
BRDA:140,22,1,0
BRDA:142,23,0,0
BRDA:142,23,1,0
BRDA:147,24,0,0
BRDA:189,25,0,0
BRDA:204,26,0,0
BRDA:204,26,1,0
BRDA:224,27,0,0
BRF:46
BRH:0
end_of_record
TN:
SF:scripts\patch-modules.ts
FN:8,patchFile
FN:56,patchAllFiles
FNF:2
FNH:0
FNDA:0,patchFile
FNDA:0,patchAllFiles
DA:1,0
DA:2,0
DA:5,0
DA:9,0
DA:11,0
DA:12,0
DA:15,0
DA:38,0
DA:41,0
DA:44,0
DA:47,0
DA:49,0
DA:51,0
DA:57,0
DA:59,0
DA:60,0
DA:62,0
DA:63,0
DA:64,0
DA:68,0
DA:70,0
DA:75,0
LF:22
LH:0
BRDA:63,0,0,0
BRF:1
BRH:0
end_of_record
TN:
SF:scripts\stress-test-v2.ts
FN:19,(anonymous_10)
FN:28,(anonymous_11)
FN:28,(anonymous_12)
FN:38,sendTransaction
FN:80,stressTestFundsDistributor
FN:143,stressTestAnimalHelperToken
FN:206,main
FNF:7
FNH:0
FNDA:0,(anonymous_10)
FNDA:0,(anonymous_11)
FNDA:0,(anonymous_12)
FNDA:0,sendTransaction
FNDA:0,stressTestFundsDistributor
FNDA:0,stressTestAnimalHelperToken
FNDA:0,main
DA:1,0
DA:2,0
DA:3,0
DA:4,0
DA:5,0
DA:6,0
DA:9,0
DA:12,0
DA:13,0
DA:16,0
DA:19,0
DA:20,0
DA:21,0
DA:22,0
DA:24,0
DA:28,0
DA:45,0
DA:48,0
DA:49,0
DA:52,0
DA:65,0
DA:66,0
DA:67,0
DA:68,0
DA:69,0
DA:70,0
DA:71,0
DA:73,0
DA:75,0
DA:76,0
DA:85,0
DA:88,0
DA:89,0
DA:90,0
DA:93,0
DA:94,0
DA:96,0
DA:98,0
DA:103,0
DA:111,0
DA:112,0
DA:114,0
DA:117,0
DA:118,0
DA:122,0
DA:123,0
DA:124,0
DA:129,0
DA:130,0
DA:132,0
DA:133,0
DA:134,0
DA:135,0
DA:136,0
DA:137,0
DA:139,0
DA:148,0
DA:151,0
DA:152,0
DA:153,0
DA:156,0
DA:157,0
DA:159,0
DA:161,0
DA:166,0
DA:174,0
DA:175,0
DA:177,0
DA:180,0
DA:181,0
DA:185,0
DA:186,0
DA:187,0
DA:192,0
DA:193,0
DA:195,0
DA:196,0
DA:197,0
DA:198,0
DA:199,0
DA:200,0
DA:202,0
DA:207,0
DA:208,0
DA:211,0
DA:212,0
DA:213,0
DA:217,0
DA:218,0
DA:221,0
DA:222,0
DA:228,0
DA:229,0
DA:230,0
DA:231,0
DA:235,0
DA:236,0
DA:238,0
DA:241,0
DA:242,0
DA:245,0
DA:246,0
DA:247,0
DA:248,0
DA:249,0
DA:253,0
DA:254,0
DA:256,0
DA:257,0
DA:260,0
DA:266,0
DA:273,0
DA:274,0
DA:275,0
DA:276,0
DA:277,0
DA:279,0
DA:282,0
DA:283,0
DA:288,0
LF:120
LH:0
BRDA:21,0,0,0
BRDA:69,1,0,0
BRDA:111,2,0,0
BRDA:111,2,1,0
BRDA:122,3,0,0
BRDA:174,4,0,0
BRDA:174,4,1,0
BRDA:185,5,0,0
BRDA:211,6,0,0
BRDA:221,7,0,0
BRDA:221,7,1,0
BRDA:246,8,0,0
BRF:12
BRH:0
end_of_record
TN:
SF:scripts\stress-test.ts
FN:19,(anonymous_10)
FN:28,(anonymous_11)
FN:28,(anonymous_12)
FN:31,sendTransaction
FN:83,stressTestFundsDistributor
FN:142,stressTestAnimalHelperToken
FN:231,main
FNF:7
FNH:0
FNDA:0,(anonymous_10)
FNDA:0,(anonymous_11)
FNDA:0,(anonymous_12)
FNDA:0,sendTransaction
FNDA:0,stressTestFundsDistributor
FNDA:0,stressTestAnimalHelperToken
FNDA:0,main
DA:1,0
DA:2,0
DA:3,0
DA:4,0
DA:5,0
DA:6,0
DA:9,0
DA:12,0
DA:13,0
DA:16,0
DA:19,0
DA:20,0
DA:21,0
DA:22,0
DA:24,0
DA:28,0
DA:40,0
DA:43,0
DA:44,0
DA:47,0
DA:54,0
DA:67,0
DA:68,0
DA:69,0
DA:70,0
DA:71,0
DA:72,0
DA:73,0
DA:75,0
DA:78,0
DA:79,0
DA:89,0
DA:92,0
DA:93,0
DA:94,0
DA:97,0
DA:98,0
DA:100,0
DA:101,0
DA:110,0
DA:111,0
DA:113,0
DA:116,0
DA:117,0
DA:121,0
DA:122,0
DA:123,0
DA:128,0
DA:129,0
DA:131,0
DA:132,0
DA:133,0
DA:134,0
DA:135,0
DA:136,0
DA:138,0
DA:148,0
DA:151,0
DA:152,0
DA:153,0
DA:156,0
DA:162,0
DA:163,0
DA:165,0
DA:167,0
DA:168,0
DA:171,0
DA:184,0
DA:185,0
DA:187,0
DA:188,0
DA:189,0
DA:190,0
DA:191,0
DA:192,0
DA:193,0
DA:195,0
DA:198,0
DA:199,0
DA:201,0
DA:202,0
DA:205,0
DA:206,0
DA:210,0
DA:211,0
DA:212,0
DA:217,0
DA:218,0
DA:220,0
DA:221,0
DA:222,0
DA:223,0
DA:224,0
DA:225,0
DA:227,0
DA:232,0
DA:233,0
DA:236,0
DA:237,0
DA:238,0
DA:242,0
DA:243,0
DA:246,0
DA:247,0
DA:253,0
DA:254,0
DA:255,0
DA:256,0
DA:260,0
DA:261,0
DA:263,0
DA:266,0
DA:267,0
DA:270,0
DA:271,0
DA:272,0
DA:273,0
DA:274,0
DA:278,0
DA:279,0
DA:281,0
DA:282,0
DA:285,0
DA:292,0
DA:300,0
DA:301,0
DA:302,0
DA:303,0
DA:304,0
DA:306,0
DA:309,0
DA:310,0
DA:315,0
LF:133
LH:0
BRDA:21,0,0,0
BRDA:37,1,0,0
BRDA:38,2,0,0
BRDA:71,3,0,0
BRDA:110,4,0,0
BRDA:110,4,1,0
BRDA:121,5,0,0
BRDA:190,6,0,0
BRDA:198,7,0,0
BRDA:198,7,1,0
BRDA:210,8,0,0
BRDA:236,9,0,0
BRDA:246,10,0,0
BRDA:246,10,1,0
BRDA:271,11,0,0
BRF:15
BRH:0
end_of_record
TN:
SF:scripts\utils.ts
FN:8,makeSnakeCell
FN:17,buildOffchainMetadata
FN:29,cellToHex
FN:38,hexToCell
FN:46,buildTokenMetadata
FN:74,buildJSONMetadata
FN:83,toNanoTon
FN:102,fromNanoTon
FNF:8
FNH:0
FNDA:0,makeSnakeCell
FNDA:0,buildOffchainMetadata
FNDA:0,cellToHex
FNDA:0,hexToCell
FNDA:0,buildTokenMetadata
FNDA:0,buildJSONMetadata
FNDA:0,toNanoTon
FNDA:0,fromNanoTon
DA:1,0
DA:9,0
DA:17,0
DA:18,0
DA:29,0
DA:30,0
DA:38,0
DA:39,0
DA:46,0
DA:47,0
DA:57,0
DA:59,0
DA:60,0
DA:63,0
DA:74,0
DA:75,0
DA:83,0
DA:85,0
DA:86,0
DA:88,0
DA:89,0
DA:90,0
DA:93,0
DA:102,0
DA:103,0
DA:104,0
DA:105,0
DA:107,0
LF:28
LH:0
BRDA:88,0,0,0
BRDA:102,1,0,0
BRDA:104,2,0,0
BRDA:104,2,1,0
BRF:4
BRH:0
end_of_record
